1
 
 
 
 
                      Warning: This computer program is protected by copyright law and international treaties.       
                  Unauthorized use, reproduction or distribution of this computer program, or any portion of it, may 
                                          result in severe civil and criminal penalties.                             
                         Copyright (C) 2023 Hexagon AB and/or its subsidiaries. All rights reserved.                 
 
 
                                              * * * * * * * * * * * * * * * * * * * *
                                              * * * * * * * * * * * * * * * * * * * *
                                              * *                                 * *
                                              * *           Hexagon AB            * *
                                              * *                                 * *
                                              * *                                 * *
                                              * *      M S C   N a s t r a n      * *
                                              * *                                 * *
                                              * *                                 * *
                                              * *                                 * *
                                              * *     Version 2023.4-CL933330     * *
                                              * *                                 * *
                                              * *                                 * *
                                              * *                                 * *
                                              * *          DEC 12, 2023           * *
                                              * *                                 * *
                                              * *              Intel              * *
                                              * * MODEL Intel(R) Xeon(R) Platinum * *
                                              * * Windows 10 Enterprise 6.2 9200  * *
                                              * * Compiled for 8664 (SINGLE Mode) * *
                                              * *                                 * *
                                              * * * * * * * * * * * * * * * * * * * *
                                              * * * * * * * * * * * * * * * * * * * *
1News file
  
               Welcome to MSC Nastran 2023.4
  
   MSC Nastran brings powerful new features and enhancements for engineering
   solutions in several releases through the year. Key enhancements in
   Version 2023.4 are summarized below. Addtional details can be found in
   the MSC Nastran Version 2023.4 Release Guide.
  
  
     MSC Nastran 2023.4 Features and Enhancements
  
     High Performance Computing
     - ACMS performance improvements of 25% - 30% for large models on both Linux
       and Windows
     - MUMPS solver implemented in Lanczos for Buckling
        - 50% average performance improvement in READ module
     - MUMPS solver implemented in Lanczos for Normal Modes
        - 25% - 50% average performance improvement in READ module
     - Coupled Modes performance improvement
        - MUMPS in Lanzcos method resulting in an order of magnitude speedup
     - New QR factorization and least squares solution support for SOL 128
       Rotor Dynamics for improved convergence
  
     Vibroacoustics
     - Enhanced ACMODL BIW method to reduce weighting off distant fluid grids
       from structural interface.
     - 1D analytical trim with physical approach
     - Fluid subsystems support added for Virtual SEA workflows
     - Diffuse Sound Fields (DSF) loadings support for Space
       workflows
  
     RBE3 Enhancements
     - Automatic leg trimming of large RBE3 for enhanced performance
     - Automatic Correction of RBE3 REFC Rotational DOFs for correcting
       modeling error
  
     Ease of Use
     - Simplied user subroutine interface that doesn't require the Software
       Development Kit (SDK)
  
     Documentation
     - The complete documentation set is provided in a separate installer and
       when installed is available at: MSC_DOC_DIR/doc/pdf_nastran directory,
       where MSC_DOC_DIR is the directory where documentation was installed.
       This help set includes cross references between documents, and links to
       how-to videos, and example files
  
     Individual MSC Nastran documents are available for download from the
       Simcompanion Website at:
1      http://simcompanion.hexagon.com/
  
     These documentation set includes the following:
  
         1.  MSC Nastran 2023.4 Installation and Operations Guide
         2.  MSC Nastran 2023.4 Quick Reference Guide
         3.  MSC Nastran 2023.4 Release Guide
         4.  MSC Nastran 2023.4 Linear Statics Analysis User's Guide
         5.  MSC Nastran 2023.4 Dynamic Analysis User's Guide
         6.  MSC Nastran 2023.4 Superelements User's Guide
         7.  MSC Nastran 2023.4 Rotordynamics User's Guide
         8.  MSC Nastran 2023.4 Demonstration Problems Manual
         9.  MSC Nastran 2023.4 Nastran Embedded Fatigue User's Guide
        10.  MSC Nastran 2023.4 Design Sensitivity and Optimization
        11.  MSC Nastran 2023.4 Nonlinear User's Guide SOL 400
        12.  MSC Nastran 2023.4 DMAP Programmer's Guide
        13.  MSC Nastran 2023.4 High Performance Computing User's Guide
        14.  MSC Nastran 2023.4 New Verification Manual
        15.  MSC Nastran 2023.4 DEMATD Guide
        16.  MSC Nastran 2023.4 Explicit Nonlinear (SOL 700) User's Guide
        17.  MSC Nastran 2023.4 ACMS User's Guide
  
   Please refer to  MSC_DOC_DIR/doc/pdf_nastran/nastran_library.pdf
   for the complete document set:
  
  
   Additional information about the release can be found at the MSC Nastran
   Product Support page: http://simcompanion.hexagon.com
  
   The support page provides links to these valuable information:
      * A searchable Knowledge Base containing examples and answers to thousands
        of frequently asked questions written by MSC Software subject-matter
        experts.
      * Peer-to-peer Discussion Forums enabling you to post questions for your
        MSC Software products and receive answers from other users worldwide.
      * A list of known issues with the product and any workarounds.
      * Instructions on how to contact technical support
      * A mechanism for sending us product feedback or enhancement requests.
      * Hardware and software requirements.
      * Examples and Tutorials
      * and much more.
  
   For information on training, please visit our Training web site
  
      https://www.mscsoftware.com/msc-training
  
 *** USER WARNING MESSAGE 333 (GETLIN)
     THE BEGIN BULK STATEMENT IS MISSING. A BEGIN BULK STATEMENT WILL BE INSERTED BY THE PROGRAM
1                                                                              JUNE  15, 2025  MSC Nastran 12/12/23   PAGE     1
                                                                                                                                    
0        N A S T R A N    F I L E    A N D    S Y S T E M    P A R A M E T E R    E C H O                                           
0                                                                                                                                   
                                                                                                                                    
                                                                                                                                    
     $ SYSFIELD=SCR*(RAW=YES,BUFFIO=YES,WNUM=16,WSIZE=16MB) $(C:/PROGRAM FILES/MSC.SO
     $ SYSFIELD=DBALL(RAW=YES,BUFFIO=YES,WNUM=16,WSIZE=16MB) $(C:/PROGRAM FILES/MSC.S
     NASTRAN BUFFSIZE=65537 $(C:/PROGRAM FILES/MSC.SOFTWARE/MSC_NASTRAN/2023.4/CONF/N
     $                                                                               
     $INCLUDE H:\nonlinear_buckling\...\SOL400\include_impf_lba_main.dat             
     $ ASSIGN PRE-RUN SOLUTION FILE                                                  
     ASSIGN INPUTT2='BDF_PERFECT_LBA_SOL_105.op2' UNIT=31                            
     $                                                                               
     $ EXCUTIVE CONTROL SECTION : SPECIFY SOLUTION TYPE                              
1                                                                              JUNE  15, 2025  MSC Nastran 12/12/23   PAGE     2
                                                                                                                                    
0        N A S T R A N    E X E C U T I V E    C O N T R O L    E C H O                                                             
0                                                                                                                                   
                                                                                                                                    
                                                                                                                                    
     SOL 400                                                                                 
     CEND                                                                                    
1    MSC.NASTRAN JOB CREATED ON 15-JUN-2025 19:28:58                           JUNE  15, 2025  MSC Nastran 12/12/23   PAGE     3
                                                                                                                                    
0                                                                                                                                   
0                                        C A S E    C O N T R O L    E C H O                                                        
                 COMMAND                                                                                                            
                 COUNT                                                                                                              
                  1      $                                                                                       
                  2      ECHO = NONE                                                                             
                  3      $ ASSIGN IMPERFECTION ID AND IMPERFECTION OUTPUT REQUEST                                
                  4      IMPERFECT =17                                                                           
                  5      $                                                                                       
                  6      OIMPERFECT(GEOM,PUNCH,PLOT)=ALL                                                         
                  7      $                                                                                       
                  8      $ DEFINE SET ID- USED FOR OUTPUT REQUEST OF GRID,ELEMENTS,ETC                           
                  9      SET 4 = 1,THRU,25761                                                                    
                 10      $                                                                                       
                 11      $ CASE CONTROL COMMAND SECTION                                                          
                 12      $ DIRECT TEXT INPUT FOR THIS SUBCASE                                                    
                 13      TITLE = MSC.NASTRAN JOB CREATED ON 15-JUN-2025 19:28:58                                 
                 14      $                                                                                       
                 15      SUBCASE 1                                                                               
                 16      $ DIRECT TEXT INPUT FOR THIS SUBCASE                                                    
                 17       STEP 1                                                                                 
                 18         SUBTITLE=DEFAULT                                                                     
                 19         ANALYSIS = STATICS                                                                   
                 20         SPC = 2                                                                              
                 21         LOAD = 2                                                                             
                 22         DISPLACEMENT(PLOT,SORT1,REAL)=4                                                      
                 23         SPCFORCES(PLOT,SORT1,REAL)=4                                                         
                 24      $                                                                                       
                 25      $ DIRECT TEXT INPUT FOR THIS SUBCASE                                                    
                 26      SUBCASE 2                                                                               
                 27         LABEL = EIGENVALUE CALCULATION                                                       
                 28         METHOD=15                                                                            
                 29         ANALYSIS = BUCKL                                                                     
                 30         SPC = 2                                                                              
                 31         LOAD = 2                                                                             
                 32         DISPLACEMENT(PLOT,SORT1,REAL)=4                                                      
                 33         SPCFORCES(PLOT,SORT1,REAL)=4                                                         
                 34         STATSUB=1                                                                            
                 35      $                                                                                       
                 36      $ SETI ID : USED FOR SPECIFYING SET OF GRID FOR IMPERFECTION BY IMPGEOM                 
                 37      $ SET3 SID ID1 THRU ID2                                                                 
                 38      BEGIN BULK $ GENERATED BY GETLIN                                                        

*** USER WARNING MESSAGE (fn: GETLIN)
    The BEGIN BULK statement is missing.
1    MSC.NASTRAN JOB CREATED ON 15-JUN-2025 19:28:58                           JUNE  15, 2025  MSC Nastran 12/12/23   PAGE     4
                                                                                                                                    
0                                                                                                                                   
                                              I N P U T   B U L K   D A T A   E C H O                                               
                 ENTRY                                                                                                              
                 COUNT        .   1  ..   2  ..   3  ..   4  ..   5  ..   6  ..   7  ..   8  ..   9  ..  10  .                      
 *** USER INFORMATION MESSAGE 9991 (SDLWIF)
     Messages are being generated at include level 1.
     File: H:\nonlinear_buckling\icebox_run_example\data\imperfect_linear\tmp_sample_0001\SOL400\INCLUDE_IMPF_LBA_MAIN.dat
 *** USER WARNING MESSAGE 9994 (BULKIN)
     Unexpected BEGIN BULK found near line 46 is skipped.
                              $END OF INCLUDE ""
                              $INCLUDE "H:\nonlinear_buckling\icebox_run_example\data\imperfect_linear\tmp_sample_0001\SOL400\INCLUDE_LOAD_APPLIED_LBA_IMPF.dat"
                              $END OF INCLUDE "H:\nonlinear_buckling\icebox_run_example\data\imperfect_linear\tmp_sample_0001\SOL400\INCLUDE_LOAD_APPLIED_LBA_IMPF.dat"
                              $INCLUDE "H:\nonlinear_buckling\icebox_run_example\data\imperfect_linear\tmp_sample_0001\SOL400\INCLUDE_COMPOSITE_MAT_PROP1.dat"
                              $END OF INCLUDE "H:\nonlinear_buckling\icebox_run_example\data\imperfect_linear\tmp_sample_0001\SOL400\INCLUDE_COMPOSITE_MAT_PROP1.dat"
                              $INCLUDE "H:\nonlinear_buckling\icebox_run_example\data\imperfect_linear\tmp_sample_0001\SOL400\INCLUDE_COMPOSITE_MAT_PROP2.dat"
                              $END OF INCLUDE "H:\nonlinear_buckling\icebox_run_example\data\imperfect_linear\tmp_sample_0001\SOL400\INCLUDE_COMPOSITE_MAT_PROP2.dat"
1    MSC.NASTRAN JOB CREATED ON 15-JUN-2025 19:28:58                           JUNE  15, 2025  MSC Nastran 12/12/23   PAGE     5
                                                                                                                                    
0                                                                                                                                   
                                        M O D E L   S U M M A R Y          BULK = 0
                                   ENTRY NAME        NUMBER OF ENTRIES
                                   ----------        -----------------
                                       CQUAD4                    25480
                                        EIGRL                        1
                                        FORCE                        1
                                         GRID                    25762
                                      IMPCASE                        1
                                      IMPGEOM                        1
                                         LOAD                        1
                                         MAT8                        1
                                        PARAM                        3
                                        PCOMP                        1
                                         RBE2                        1
                                         SET3                        1
                                         SPC1                        1
                                       SPCADD                        1

 ^^^     
 ^^^ >>> IFP OPERATIONS COMPLETE <<< 
 ^^^     
 *** USER INFORMATION MESSAGE 4105 (INPTX2)
     DATA BLOCK QUALINFO RETRIEVED FROM FORTRAN UNIT    31 (GENERATED IN BINARY (LTLEND) FORMAT) USING NDDL DESCRIPTION FOR QUALINFO
     NAME OF DATA BLOCK WHEN PLACED ON FORTRAN UNIT WAS QUALINFO.
 *** USER INFORMATION MESSAGE 4105 (INPTX2)
     DATA BLOCK OUG1     RETRIEVED FROM FORTRAN UNIT    31 (GENERATED IN BINARY (LTLEND) FORMAT) USING NDDL DESCRIPTION FOR OUG1
     NAME OF DATA BLOCK WHEN PLACED ON FORTRAN UNIT WAS OUG1    .
 *** USER INFORMATION MESSAGE 4105 (INPTX2)
     DATA BLOCK SCRATCH  RETRIEVED FROM FORTRAN UNIT    31 (GENERATED IN BINARY (LTLEND) FORMAT) USING NDDL DESCRIPTION FOR OUG1
     NAME OF DATA BLOCK WHEN PLACED ON FORTRAN UNIT WAS OUG1    .
 *** USER INFORMATION MESSAGE 3 (NONL_STS)
 *** USER INFORMATION MESSAGE : A new STS file has been created (The name of STS file is ./bdf_imperfect_linear_sol_400.sts)
 *** USER INFORMATION MESSAGE 4109 (OUTPX2)
     THE LABEL IS XXXXXXXX FOR FORTRAN UNIT    12
     (MAXIMUM SIZE OF FORTRAN RECORDS WRITTEN =          7 WORDS.)
           (NUMBER OF FORTRAN RECORDS WRITTEN =         10 RECORDS.)
                (TOTAL DATA WRITTEN FOR LABEL =         21 WORDS.)
 *** USER INFORMATION MESSAGE 4114 (OUTPX2)
     DATA BLOCK GEOM1X   WRITTEN ON FORTRAN UNIT    12 IN BINARY (LTLEND) FORMAT USING NDDL DESCRIPTION FOR GEOM1S, TRL =
                    101                 0                 0                 8                 0         130023424                 0
     NAME OF DATA BLOCK WRITTEN ON FORTRAN UNIT IS GEOM1   
        (MAXIMUM POSSIBLE FORTRAN RECORD SIZE =      131074 WORDS.)
     (MAXIMUM SIZE OF FORTRAN RECORDS WRITTEN =      131074 WORDS.)
           (NUMBER OF FORTRAN RECORDS WRITTEN =          49 RECORDS.)
           (TOTAL DATA WRITTEN FOR DATA BLOCK =      515349 WORDS.)
 *** USER INFORMATION MESSAGE 4114 (OUTPX2)
     DATA BLOCK GEOM2X   WRITTEN ON FORTRAN UNIT    12 IN BINARY (LTLEND) FORMAT USING NDDL DESCRIPTION FOR GEOM2S, TRL =
                    102                 0                 0                 0              8192            524288                 0
     NAME OF DATA BLOCK WRITTEN ON FORTRAN UNIT IS GEOM2   
        (MAXIMUM POSSIBLE FORTRAN RECORD SIZE =      131074 WORDS.)
     (MAXIMUM SIZE OF FORTRAN RECORDS WRITTEN =      131074 WORDS.)
           (NUMBER OF FORTRAN RECORDS WRITTEN =          29 RECORDS.)
           (TOTAL DATA WRITTEN FOR DATA BLOCK =      383389 WORDS.)
 *** USER INFORMATION MESSAGE 4114 (OUTPX2)
     DATA BLOCK GEOM3X   WRITTEN ON FORTRAN UNIT    12 IN BINARY (LTLEND) FORMAT USING NDDL DESCRIPTION FOR GEOM3S, TRL =
                    103                 0                 0                64                 8                 0                 0
     NAME OF DATA BLOCK WRITTEN ON FORTRAN UNIT IS GEOM3   
        (MAXIMUM POSSIBLE FORTRAN RECORD SIZE =      131074 WORDS.)
     (MAXIMUM SIZE OF FORTRAN RECORDS WRITTEN =          10 WORDS.)
           (NUMBER OF FORTRAN RECORDS WRITTEN =          25 RECORDS.)
           (TOTAL DATA WRITTEN FOR DATA BLOCK =          61 WORDS.)
 *** USER INFORMATION MESSAGE 4114 (OUTPX2)
     DATA BLOCK GEOM4X   WRITTEN ON FORTRAN UNIT    12 IN BINARY (LTLEND) FORMAT USING NDDL DESCRIPTION FOR GEOM4S, TRL =
                    104                 0                 0                 0                96              2048                 0
     NAME OF DATA BLOCK WRITTEN ON FORTRAN UNIT IS GEOM4   
        (MAXIMUM POSSIBLE FORTRAN RECORD SIZE =      131074 WORDS.)
     (MAXIMUM SIZE OF FORTRAN RECORDS WRITTEN =         290 WORDS.)
           (NUMBER OF FORTRAN RECORDS WRITTEN =          30 RECORDS.)
           (TOTAL DATA WRITTEN FOR DATA BLOCK =         350 WORDS.)
 *** USER INFORMATION MESSAGE 4114 (OUTPX2)
     DATA BLOCK EPTX     WRITTEN ON FORTRAN UNIT    12 IN BINARY (LTLEND) FORMAT USING NDDL DESCRIPTION FOR EPTS, TRL =
                    105                 0               544                 0                 0                 0                 0
     NAME OF DATA BLOCK WRITTEN ON FORTRAN UNIT IS EPT     
        (MAXIMUM POSSIBLE FORTRAN RECORD SIZE =      131074 WORDS.)
     (MAXIMUM SIZE OF FORTRAN RECORDS WRITTEN =          51 WORDS.)
           (NUMBER OF FORTRAN RECORDS WRITTEN =          25 RECORDS.)
           (TOTAL DATA WRITTEN FOR DATA BLOCK =         107 WORDS.)
1    MSC.NASTRAN JOB CREATED ON 15-JUN-2025 19:28:58                           JUNE  15, 2025  MSC Nastran 12/12/23   PAGE     6
                                                                                                                                    
0                                                                                                                                   
0                                                                                                                                   
                                                                                                                                    
                                                                                                                                    
 *** USER INFORMATION MESSAGE 4114 (OUTPX2)
     DATA BLOCK MPTS     WRITTEN ON FORTRAN UNIT    12 IN BINARY (LTLEND) FORMAT USING NDDL DESCRIPTION FOR MPTS, TRL =
                    101             16384               134                 0                 0                 0                 0
     NAME OF DATA BLOCK WRITTEN ON FORTRAN UNIT IS MPT     
        (MAXIMUM POSSIBLE FORTRAN RECORD SIZE =      131074 WORDS.)
     (MAXIMUM SIZE OF FORTRAN RECORDS WRITTEN =          72 WORDS.)
           (NUMBER OF FORTRAN RECORDS WRITTEN =          35 RECORDS.)
           (TOTAL DATA WRITTEN FOR DATA BLOCK =         193 WORDS.)
 *** USER INFORMATION MESSAGE 4114 (OUTPX2)
     DATA BLOCK DYNAMICS WRITTEN ON FORTRAN UNIT    12 IN BINARY (LTLEND) FORMAT USING NDDL DESCRIPTION FOR DYNAMICS, TRL =
                    103              2304                 0                 0                 0               512                 0
     NAME OF DATA BLOCK WRITTEN ON FORTRAN UNIT IS DYNAMICS
        (MAXIMUM POSSIBLE FORTRAN RECORD SIZE =      131074 WORDS.)
     (MAXIMUM SIZE OF FORTRAN RECORDS WRITTEN =          30 WORDS.)
           (NUMBER OF FORTRAN RECORDS WRITTEN =          30 RECORDS.)
           (TOTAL DATA WRITTEN FOR DATA BLOCK =          97 WORDS.)
 *** USER INFORMATION MESSAGE 4114 (OUTPX2)
     DATA BLOCK EDTS     WRITTEN ON FORTRAN UNIT    12 IN BINARY (LTLEND) FORMAT USING NDDL DESCRIPTION FOR EDTS, TRL =
                    105                 0                 0                 0                 0                 1                 0
     NAME OF DATA BLOCK WRITTEN ON FORTRAN UNIT IS EDT     
        (MAXIMUM POSSIBLE FORTRAN RECORD SIZE =      131074 WORDS.)
     (MAXIMUM SIZE OF FORTRAN RECORDS WRITTEN =       25767 WORDS.)
           (NUMBER OF FORTRAN RECORDS WRITTEN =          20 RECORDS.)
           (TOTAL DATA WRITTEN FOR DATA BLOCK =       25805 WORDS.)
 *** USER INFORMATION MESSAGE 4114 (OUTPX2)
     DATA BLOCK CASESO   WRITTEN ON FORTRAN UNIT    12 IN BINARY (LTLEND) FORMAT USING NDDL DESCRIPTION FOR CASES, TRL =
                    101                 1                 0              1004                 0                 0                 0
     NAME OF DATA BLOCK WRITTEN ON FORTRAN UNIT IS CASECC  
        (MAXIMUM POSSIBLE FORTRAN RECORD SIZE =      131074 WORDS.)
     (MAXIMUM SIZE OF FORTRAN RECORDS WRITTEN =        1004 WORDS.)
           (NUMBER OF FORTRAN RECORDS WRITTEN =          15 RECORDS.)
           (TOTAL DATA WRITTEN FOR DATA BLOCK =        1035 WORDS.)
 *** USER INFORMATION MESSAGE 4114 (OUTPX2)
     DATA BLOCK DIT      WRITTEN ON FORTRAN UNIT    12 IN BINARY (LTLEND) FORMAT USING NDDL DESCRIPTION FOR DIT, TRL =
                    101                32                 0                 0                 0                 0                 0
     NAME OF DATA BLOCK WRITTEN ON FORTRAN UNIT IS DIT     
        (MAXIMUM POSSIBLE FORTRAN RECORD SIZE =      131074 WORDS.)
     (MAXIMUM SIZE OF FORTRAN RECORDS WRITTEN =          17 WORDS.)
           (NUMBER OF FORTRAN RECORDS WRITTEN =          20 RECORDS.)
           (TOTAL DATA WRITTEN FOR DATA BLOCK =          55 WORDS.)
 *** USER INFORMATION MESSAGE 9024 (SUBDMAP FEA)
     STIFFNESS, MASS, DAMPING, AND LOAD GENERATION INITIATED.
1    MSC.NASTRAN JOB CREATED ON 15-JUN-2025 19:28:58                           JUNE  15, 2025  MSC Nastran 12/12/23   PAGE     7
                                                                                                                                    
0                                                                                                                                   
 *** USER INFORMATION MESSAGE 7310 (VECPRN)
     ORIGIN OF SUPERELEMENT OR MODULE BASIC COORDINATE SYSTEM WILL BE USED AS REFERENCE LOCATION.
     RESULTANTS ABOUT ORIGIN OF SUPERELEMENT OR MODULE BASIC COORDINATE SYSTEM IN SUPERELEMENT OR MODULE
     BASIC SYSTEM COORDINATES.
0                                                  OLOAD    RESULTANT       
  SUBCASE/    LOAD
  DAREA ID    TYPE       T1            T2            T3            R1            R2            R3
0        1     FX    0.000000E+00     ----          ----          ----       0.000000E+00  0.000000E+00                             
               FY       ----       0.000000E+00     ----       0.000000E+00     ----       0.000000E+00                             
               FZ       ----          ----      -2.469319E+05  0.000000E+00  0.000000E+00     ----                                  
               MX       ----          ----          ----       0.000000E+00     ----          ----                                  
               MY       ----          ----          ----          ----       0.000000E+00     ----                                  
               MZ       ----          ----          ----          ----          ----       0.000000E+00                             
             TOTALS  0.000000E+00  0.000000E+00 -2.469319E+05  0.000000E+00  0.000000E+00  0.000000E+00
1    MSC.NASTRAN JOB CREATED ON 15-JUN-2025 19:28:58                           JUNE  15, 2025  MSC Nastran 12/12/23   PAGE     8
                                                                                                                                    
0                                                                                                                                   
 *** USER INFORMATION MESSAGE 7310 (VECPRN)
     ORIGIN OF SUPERELEMENT OR MODULE BASIC COORDINATE SYSTEM WILL BE USED AS REFERENCE LOCATION.
     RESULTANTS ABOUT ORIGIN OF SUPERELEMENT OR MODULE BASIC COORDINATE SYSTEM IN SUPERELEMENT OR MODULE
     BASIC SYSTEM COORDINATES.
0                                                  OLOAD    RESULTANT       
  SUBCASE/    LOAD
  DAREA ID    TYPE       T1            T2            T3            R1            R2            R3
0        2     FX    0.000000E+00     ----          ----          ----       0.000000E+00  0.000000E+00                             
               FY       ----       0.000000E+00     ----       0.000000E+00     ----       0.000000E+00                             
               FZ       ----          ----      -2.469319E+05  0.000000E+00  0.000000E+00     ----                                  
               MX       ----          ----          ----       0.000000E+00     ----          ----                                  
               MY       ----          ----          ----          ----       0.000000E+00     ----                                  
               MZ       ----          ----          ----          ----          ----       0.000000E+00                             
             TOTALS  0.000000E+00  0.000000E+00 -2.469319E+05  0.000000E+00  0.000000E+00  0.000000E+00
  
 *** SYSTEM INFORMATION MESSAGE 4159 (DFMSA)
     THE DECOMPOSITION OF KLL      YIELDS A MAXIMUM MATRIX-TO-FACTOR-DIAGONAL RATIO OF    3.914388E+02
 *** USER WARNING MESSAGE 4698 (DCMPD)
     STATISTICS FOR DECOMPOSITION OF MATRIX KLL.
     THE FOLLOWING DEGREES OF FREEDOM HAVE FACTOR DIAGONAL RATIOS GREATER THAN
     1.000000E+07 OR HAVE NEGATIVE TERMS ON THE FACTOR DIAGONAL.
     USER INFORMATION:
     THIS MESSAGE MAY BE IGNORED IF NO GRID POINT IDS OR HIGH RATIO MESSAGES APPEAR IN THE TABLE ON THE NEXT PAGE.
 ^^^     
 *** USER INFORMATION MESSAGE 15201 (SUBDMAP SEKRRS)
      Condition number of stiffness matrix = 9.592880E+07
 ^^^     
 *** USER INFORMATION MESSAGE 9051 (SUBDMAP FEA)
     STATIC ANALYSIS INITIATED.
1    MSC.NASTRAN JOB CREATED ON 15-JUN-2025 19:28:58                           JUNE  15, 2025  MSC Nastran 12/12/23   PAGE     9
                                                                                                                                    
0                                                                                                            SUBCASE 1              
 *** USER INFORMATION MESSAGE 5293 (SSG3B)
    FOR DATA BLOCK KLL     
    LOAD SEQ. NO.             EPSILON              EXTERNAL WORK      EPSILONS LARGER THAN 0.001 ARE FLAGGED WITH ASTERISKS
                1         -4.6544967E-14          2.2188182E+05
1    MSC.NASTRAN JOB CREATED ON 15-JUN-2025 19:28:58                           JUNE  15, 2025  MSC Nastran 12/12/23   PAGE    10
                                                                                                                                    
0                                                                                                                                   
 *** USER INFORMATION MESSAGE 7310 (VECPRN)
     ORIGIN OF SUPERELEMENT OR MODULE BASIC COORDINATE SYSTEM WILL BE USED AS REFERENCE LOCATION.
     RESULTANTS ABOUT ORIGIN OF SUPERELEMENT OR MODULE BASIC COORDINATE SYSTEM IN SUPERELEMENT OR MODULE
     BASIC SYSTEM COORDINATES.
0                                                  SPCFORCE RESULTANT       
  SUBCASE/    LOAD
  DAREA ID    TYPE       T1            T2            T3            R1            R2            R3
0        1     FX   -1.086327E-09     ----          ----          ----       0.000000E+00 -3.808692E+03                             
               FY       ----      -5.431033E-09     ----       0.000000E+00     ----      -3.808652E+03                             
               FZ       ----          ----       2.469319E+05  7.778605E-04  1.883647E-03     ----                                  
               MX       ----          ----          ----      -7.764999E-04     ----          ----                                  
               MY       ----          ----          ----          ----      -1.884273E-03     ----                                  
               MZ       ----          ----          ----          ----          ----       7.617343E+03                             
             TOTALS -1.086327E-09 -5.431033E-09  2.469319E+05  1.360546E-06 -6.255626E-07 -1.433450E-06
1    MSC.NASTRAN JOB CREATED ON 15-JUN-2025 19:28:58                           JUNE  15, 2025  MSC Nastran 12/12/23   PAGE    11
                                                                                                                                    
0                                                                                                                                   
0                                                  MAXIMUM  SPCFORCES       
  SUBCASE/
  DAREA ID        T1             T2             T3             R1             R2             R3
0        1   2.0047385E+01  2.0165155E+01  8.8247412E+02  1.1250226E+02  1.1170026E+02  2.7296259E+01
1    MSC.NASTRAN JOB CREATED ON 15-JUN-2025 19:28:58                           JUNE  15, 2025  MSC Nastran 12/12/23   PAGE    12
                                                                                                                                    
0                                                                                                                                   
0                                                  MAXIMUM  DISPLACEMENTS   
  SUBCASE/
  DAREA ID        T1             T2             T3             R1             R2             R3
0        1   4.6023978E-01  4.6368380E-01  1.7971095E+00  1.4884803E-02  1.4984101E-02  1.4551366E-03
1    MSC.NASTRAN JOB CREATED ON 15-JUN-2025 19:28:58                           JUNE  15, 2025  MSC Nastran 12/12/23   PAGE    13
                                                                                                                                    
0                                                                                                                                   
0                                                  MAXIMUM  APPLIED LOADS   
  SUBCASE/
  DAREA ID        T1             T2             T3             R1             R2             R3
0        1   0.0000000E+00  0.0000000E+00  2.4693188E+05  0.0000000E+00  0.0000000E+00  0.0000000E+00
 *** USER INFORMATION MESSAGE 4114 (OUTPX2)
     DATA BLOCK OQG1     WRITTEN ON FORTRAN UNIT    12 IN BINARY (LTLEND) FORMAT USING NDDL DESCRIPTION FOR OQG1, TRL =
                    101                 0            206088                 0                 0                 0                 2
     NAME OF DATA BLOCK WRITTEN ON FORTRAN UNIT IS OQG1    
        (MAXIMUM POSSIBLE FORTRAN RECORD SIZE =      131074 WORDS.)
     (MAXIMUM SIZE OF FORTRAN RECORDS WRITTEN =      131072 WORDS.)
           (NUMBER OF FORTRAN RECORDS WRITTEN =          22 RECORDS.)
           (TOTAL DATA WRITTEN FOR DATA BLOCK =      206275 WORDS.)
 *** USER INFORMATION MESSAGE 4114 (OUTPX2)
     DATA BLOCK OUG1     WRITTEN ON FORTRAN UNIT    12 IN BINARY (LTLEND) FORMAT USING NDDL DESCRIPTION FOR OUG1, TRL =
                    101                 0            206088                 0                 0                 0                 2
     NAME OF DATA BLOCK WRITTEN ON FORTRAN UNIT IS OUG1    
        (MAXIMUM POSSIBLE FORTRAN RECORD SIZE =      131074 WORDS.)
     (MAXIMUM SIZE OF FORTRAN RECORDS WRITTEN =      131072 WORDS.)
           (NUMBER OF FORTRAN RECORDS WRITTEN =          22 RECORDS.)
           (TOTAL DATA WRITTEN FOR DATA BLOCK =      206275 WORDS.)
 *** USER INFORMATION MESSAGE 9052 (SUBDMAP FEA)
     STATIC ANALYSIS COMPLETED.
 *** USER INFORMATION MESSAGE 9051 (SUBDMAP FEA)
     BUCKLING ANALYSIS INITIATED.
 *** USER INFORMATION MESSAGE 5010 (LNCILS)
     STURM SEQUENCE DATA FOR EIGENVALUE EXTRACTION.
     TRIAL EIGENVALUE = 1.000000D-04, CYCLES = 1.591549D-03 THE STURM COUNT = 1686
 *** USER INFORMATION MESSAGE 5010 (LNCILS)
     STURM SEQUENCE DATA FOR EIGENVALUE EXTRACTION.
     TRIAL EIGENVALUE = 1.000000D+03, CYCLES = 5.032921D+00 THE STURM COUNT = 43100
 *** USER INFORMATION MESSAGE 5010 (LNCILS)
     STURM SEQUENCE DATA FOR EIGENVALUE EXTRACTION.
     TRIAL EIGENVALUE = 1.000438D+00, CYCLES = 1.591898D-01 THE STURM COUNT = 1688
 *** USER INFORMATION MESSAGE 5010 (LNCILS)
     STURM SEQUENCE DATA FOR EIGENVALUE EXTRACTION.
     TRIAL EIGENVALUE = 1.005616D+00, CYCLES = 1.596012D-01 THE STURM COUNT = 1696

 TABLE OF SHIFTS:  (LNNRIGL)
 SHIFT #        SHIFT VALUE         FREQUENCY, CYCLES     # EIGENVALUES BELOW    # NEW EIGENVALUES FOUND
     1.        1.0000000E-04          1.5915494E-03                 0                        0
     2.        1.0000000E+03          5.0329212E+00             41414                        0
     3.        1.0004377E+00          1.5918977E-01                 2                       10
     4.        1.0056160E+00          1.5960122E-01                10                        0

1    MSC.NASTRAN JOB CREATED ON 15-JUN-2025 19:28:58                           JUNE  15, 2025  MSC Nastran 12/12/23   PAGE    14
                                                                                                                                    
0     EIGENVALUE CALCULATION                                             IMPERFECT   1                       SUBCASE 2              
0


                          E I G E N V A L U E  A N A L Y S I S   S U M M A R Y   (READ MODULE) 



                                     BLOCK SIZE USED ......................     7

                                     NUMBER OF DECOMPOSITIONS .............     4

                                     NUMBER OF ROOTS FOUND ................    10

                                     NUMBER OF SOLVES REQUIRED ............     9

1    MSC.NASTRAN JOB CREATED ON 15-JUN-2025 19:28:58                           JUNE  15, 2025  MSC Nastran 12/12/23   PAGE    15
                                                                                                                                    
0     EIGENVALUE CALCULATION                                             IMPERFECT   1                       SUBCASE 2              
 
                                              R E A L   E I G E N V A L U E S
   MODE    EXTRACTION      EIGENVALUE            RADIANS             CYCLES            GENERALIZED         GENERALIZED
    NO.       ORDER                                                                       MASS              STIFFNESS
        1         1        9.999989E-01        9.999995E-01        1.591549E-01        2.879661E+05        2.879658E+05
        2         2        9.999996E-01        9.999998E-01        1.591549E-01        2.958192E+05        2.958190E+05
        3         3        1.000751E+00        1.000375E+00        1.592147E-01        2.733307E+05        2.735360E+05
        4         4        1.000751E+00        1.000375E+00        1.592147E-01        2.802924E+05        2.805029E+05
        5         5        1.000984E+00        1.000492E+00        1.592332E-01        3.112342E+05        3.115404E+05
        6         6        1.000984E+00        1.000492E+00        1.592332E-01        3.093734E+05        3.096777E+05
        7         7        1.003462E+00        1.001730E+00        1.594302E-01        2.059690E+05        2.066820E+05
        8         8        1.003462E+00        1.001730E+00        1.594302E-01        1.726677E+05        1.732655E+05
        9         9        1.003636E+00        1.001816E+00        1.594440E-01        2.267259E+05        2.275503E+05
       10        10        1.003636E+00        1.001816E+00        1.594440E-01        1.809273E+05        1.815852E+05
 *** USER INFORMATION MESSAGE 9051 (SUBDMAP FEA)
     BUCKLING ANALYSIS - DATA RECOVERY INITIATED.
 *** USER INFORMATION MESSAGE 4114 (OUTPX2)
     DATA BLOCK OQG1     WRITTEN ON FORTRAN UNIT    12 IN BINARY (LTLEND) FORMAT USING NDDL DESCRIPTION FOR OQG1, TRL =
                    101                 0           2060880                 0                 0                 0                 2
     NAME OF DATA BLOCK WRITTEN ON FORTRAN UNIT IS OQG1    
        (MAXIMUM POSSIBLE FORTRAN RECORD SIZE =      131074 WORDS.)
     (MAXIMUM SIZE OF FORTRAN RECORDS WRITTEN =      131072 WORDS.)
           (NUMBER OF FORTRAN RECORDS WRITTEN =         130 RECORDS.)
           (TOTAL DATA WRITTEN FOR DATA BLOCK =     2062462 WORDS.)
 *** USER INFORMATION MESSAGE 4114 (OUTPX2)
     DATA BLOCK OUG1     WRITTEN ON FORTRAN UNIT    12 IN BINARY (LTLEND) FORMAT USING NDDL DESCRIPTION FOR OUG1, TRL =
                    101                 0           2060880                 0                 0                 0                 2
     NAME OF DATA BLOCK WRITTEN ON FORTRAN UNIT IS OUG1    
        (MAXIMUM POSSIBLE FORTRAN RECORD SIZE =      131074 WORDS.)
     (MAXIMUM SIZE OF FORTRAN RECORDS WRITTEN =      131072 WORDS.)
           (NUMBER OF FORTRAN RECORDS WRITTEN =         130 RECORDS.)
           (TOTAL DATA WRITTEN FOR DATA BLOCK =     2062462 WORDS.)
 *** USER INFORMATION MESSAGE 9052 (SUBDMAP FEA)
     BUCKLING ANALYSIS COMPLETED.
 *** USER INFORMATION MESSAGE 4114 (OUTPX2)
     DATA BLOCK SCRATCH  WRITTEN ON FORTRAN UNIT    12 IN BINARY (LTLEND) FORMAT USING NDDL DESCRIPTION FOR QUALINFO, TRL =
                    301                 1                12                 0                 0                 0                 0
     NAME OF DATA BLOCK WRITTEN ON FORTRAN UNIT IS QUALINFO
        (MAXIMUM POSSIBLE FORTRAN RECORD SIZE =      131074 WORDS.)
     (MAXIMUM SIZE OF FORTRAN RECORDS WRITTEN =          66 WORDS.)
           (NUMBER OF FORTRAN RECORDS WRITTEN =          70 RECORDS.)
           (TOTAL DATA WRITTEN FOR DATA BLOCK =         505 WORDS.)
 *** USER INFORMATION MESSAGE 4110 (OUTPX2)
                                 END-OF-DATA SIMULATION ON FORTRAN UNIT    12
                                 (MAXIMUM SIZE OF FORTRAN RECORDS WRITTEN =      1 WORDS.)
                                       (NUMBER OF FORTRAN RECORDS WRITTEN =      1 RECORDS.)
                                       (TOTAL DATA WRITTEN FOR EOF MARKER =      1 WORDS.)
1    MSC.NASTRAN JOB CREATED ON 15-JUN-2025 19:28:58                           JUNE  15, 2025  MSC Nastran 12/12/23   PAGE    16
                                                                                                                                    
0     EIGENVALUE CALCULATION                                             IMPERFECT   1                       SUBCASE 2              
 * * * *  D B D I C T   P R I N T  * * * *      SUBDMAP = PRTSUM  ,  DMAP STATEMENT NO.     74



0                                   * * * *  A N A L Y S I S  S U M M A R Y  T A B L E  * * * *
0 SEID  PEID PROJ VERS APRCH      SEMG SEMR SEKR SELG SELR MODES DYNRED SOLLIN SOLNL LOOPID DESIGN CYCLE SENSITIVITY
 -------------------------------------------------------------------------------------------------------------------
     0     0    1    1 'LINEAR  '    T    T    T    T    T     T      F      T     F     -1            0           F
0SEID = SUPERELEMENT ID.
 PEID = PRIMARY SUPERELEMENT ID OF IMAGE SUPERELEMENT.
 PROJ = PROJECT ID NUMBER.
 VERS = VERSION ID.
 APRCH = BLANK FOR STRUCTURAL ANALYSIS.  HEAT FOR HEAT TRANSFER ANALYSIS.
 SEMG = STIFFNESS AND MASS MATRIX GENERATION STEP.
 SEMR = MASS MATRIX REDUCTION STEP (INCLUDES EIGENVALUE SOLUTION FOR MODES).
 SEKR = STIFFNESS MATRIX REDUCTION STEP.
 SELG = LOAD MATRIX GENERATION STEP.
 SELR = LOAD MATRIX REDUCTION STEP. 
 MODES = T (TRUE) IF NORMAL MODES OR BUCKLING MODES CALCULATED.
 DYNRED = T (TRUE) MEANS GENERALIZED DYNAMIC AND/OR COMPONENT MODE REDUCTION PERFORMED.
 SOLLIN = T (TRUE) IF LINEAR SOLUTION EXISTS IN DATABASE.
 LOOPID = THE LAST LOOPID VALUE USED IN THE NONLINEAR ANALYSIS.  USEFUL FOR RESTARTS.
 SOLNL = T (TRUE) IF NONLINEAR SOLUTION EXISTS IN DATABASE.
 DESIGN CYCLE = THE LAST DESIGN CYCLE (ONLY VALID IN OPTIMIZATION).
 SENSITIVITY = SENSITIVITY MATRIX GENERATION FLAG.
 
 No PARAM values were set in the Control File.
 
1                                        * * * END OF JOB * * *
 
 
 No Symbolic Replacement variables or values were specified.

