1
 
 
 
 
                      Warning: This computer program is protected by copyright law and international treaties.       
                  Unauthorized use, reproduction or distribution of this computer program, or any portion of it, may 
                                          result in severe civil and criminal penalties.                             
                         Copyright (C) 2023 Hexagon AB and/or its subsidiaries. All rights reserved.                 
 
 
                                              * * * * * * * * * * * * * * * * * * * *
                                              * * * * * * * * * * * * * * * * * * * *
                                              * *                                 * *
                                              * *           Hexagon AB            * *
                                              * *                                 * *
                                              * *                                 * *
                                              * *      M S C   N a s t r a n      * *
                                              * *                                 * *
                                              * *                                 * *
                                              * *                                 * *
                                              * *     Version 2023.4-CL933330     * *
                                              * *                                 * *
                                              * *                                 * *
                                              * *                                 * *
                                              * *          DEC 12, 2023           * *
                                              * *                                 * *
                                              * *              Intel              * *
                                              * * MODEL Intel(R) Xeon(R) Platinum * *
                                              * * Windows 10 Enterprise 6.2 9200  * *
                                              * * Compiled for 8664 (SINGLE Mode) * *
                                              * *                                 * *
                                              * * * * * * * * * * * * * * * * * * * *
                                              * * * * * * * * * * * * * * * * * * * *
1News file
  
               Welcome to MSC Nastran 2023.4
  
   MSC Nastran brings powerful new features and enhancements for engineering
   solutions in several releases through the year. Key enhancements in
   Version 2023.4 are summarized below. Addtional details can be found in
   the MSC Nastran Version 2023.4 Release Guide.
  
  
     MSC Nastran 2023.4 Features and Enhancements
  
     High Performance Computing
     - ACMS performance improvements of 25% - 30% for large models on both Linux
       and Windows
     - MUMPS solver implemented in Lanczos for Buckling
        - 50% average performance improvement in READ module
     - MUMPS solver implemented in Lanczos for Normal Modes
        - 25% - 50% average performance improvement in READ module
     - Coupled Modes performance improvement
        - MUMPS in Lanzcos method resulting in an order of magnitude speedup
     - New QR factorization and least squares solution support for SOL 128
       Rotor Dynamics for improved convergence
  
     Vibroacoustics
     - Enhanced ACMODL BIW method to reduce weighting off distant fluid grids
       from structural interface.
     - 1D analytical trim with physical approach
     - Fluid subsystems support added for Virtual SEA workflows
     - Diffuse Sound Fields (DSF) loadings support for Space
       workflows
  
     RBE3 Enhancements
     - Automatic leg trimming of large RBE3 for enhanced performance
     - Automatic Correction of RBE3 REFC Rotational DOFs for correcting
       modeling error
  
     Ease of Use
     - Simplied user subroutine interface that doesn't require the Software
       Development Kit (SDK)
  
     Documentation
     - The complete documentation set is provided in a separate installer and
       when installed is available at: MSC_DOC_DIR/doc/pdf_nastran directory,
       where MSC_DOC_DIR is the directory where documentation was installed.
       This help set includes cross references between documents, and links to
       how-to videos, and example files
  
     Individual MSC Nastran documents are available for download from the
       Simcompanion Website at:
1      http://simcompanion.hexagon.com/
  
     These documentation set includes the following:
  
         1.  MSC Nastran 2023.4 Installation and Operations Guide
         2.  MSC Nastran 2023.4 Quick Reference Guide
         3.  MSC Nastran 2023.4 Release Guide
         4.  MSC Nastran 2023.4 Linear Statics Analysis User's Guide
         5.  MSC Nastran 2023.4 Dynamic Analysis User's Guide
         6.  MSC Nastran 2023.4 Superelements User's Guide
         7.  MSC Nastran 2023.4 Rotordynamics User's Guide
         8.  MSC Nastran 2023.4 Demonstration Problems Manual
         9.  MSC Nastran 2023.4 Nastran Embedded Fatigue User's Guide
        10.  MSC Nastran 2023.4 Design Sensitivity and Optimization
        11.  MSC Nastran 2023.4 Nonlinear User's Guide SOL 400
        12.  MSC Nastran 2023.4 DMAP Programmer's Guide
        13.  MSC Nastran 2023.4 High Performance Computing User's Guide
        14.  MSC Nastran 2023.4 New Verification Manual
        15.  MSC Nastran 2023.4 DEMATD Guide
        16.  MSC Nastran 2023.4 Explicit Nonlinear (SOL 700) User's Guide
        17.  MSC Nastran 2023.4 ACMS User's Guide
  
   Please refer to  MSC_DOC_DIR/doc/pdf_nastran/nastran_library.pdf
   for the complete document set:
  
  
   Additional information about the release can be found at the MSC Nastran
   Product Support page: http://simcompanion.hexagon.com
  
   The support page provides links to these valuable information:
      * A searchable Knowledge Base containing examples and answers to thousands
        of frequently asked questions written by MSC Software subject-matter
        experts.
      * Peer-to-peer Discussion Forums enabling you to post questions for your
        MSC Software products and receive answers from other users worldwide.
      * A list of known issues with the product and any workarounds.
      * Instructions on how to contact technical support
      * A mechanism for sending us product feedback or enhancement requests.
      * Hardware and software requirements.
      * Examples and Tutorials
      * and much more.
  
   For information on training, please visit our Training web site
  
      https://www.mscsoftware.com/msc-training
  
1                                                                              JUNE  15, 2025  MSC Nastran 12/12/23   PAGE     1
                                                                                                                                    
0        N A S T R A N    F I L E    A N D    S Y S T E M    P A R A M E T E R    E C H O                                           
0                                                                                                                                   
                                                                                                                                    
                                                                                                                                    
     $ SYSFIELD=SCR*(RAW=YES,BUFFIO=YES,WNUM=16,WSIZE=16MB) $(C:/PROGRAM FILES/MSC.SO
     $ SYSFIELD=DBALL(RAW=YES,BUFFIO=YES,WNUM=16,WSIZE=16MB) $(C:/PROGRAM FILES/MSC.S
     NASTRAN BUFFSIZE=65537 $(C:/PROGRAM FILES/MSC.SOFTWARE/MSC_NASTRAN/2023.4/CONF/N
     $ MSC.NASTRAN INPUT FILE CREATED ON APRIL     05, 2022 AT 13:07:42 BY           
     $ PATRAN 2021                                                                   
     $ DIRECT TEXT INPUT FOR NASTRAN SYSTEM CELL SECTION                             
     $ DIRECT TEXT INPUT FOR FILE MANAGEMENT SECTION                                 
     $ DIRECT TEXT INPUT FOR EXECUTIVE CONTROL                                       
     $ BUCKLING ANALYSIS, DATABASE                                                   
1                                                                              JUNE  15, 2025  MSC Nastran 12/12/23   PAGE     2
                                                                                                                                    
0        N A S T R A N    E X E C U T I V E    C O N T R O L    E C H O                                                             
0                                                                                                                                   
                                                                                                                                    
                                                                                                                                    
     SOL 105                                                                                 
     CEND                                                                                    
1    MSC.NASTRAN JOB CREATED ON 31-MAR-22 AT 09:18:56                          JUNE  15, 2025  MSC Nastran 12/12/23   PAGE     3
                                                                                                                                    
0                                                                                                                                   
0                                        C A S E    C O N T R O L    E C H O                                                        
                 COMMAND                                                                                                            
                 COUNT                                                                                                              
                  1      $ DIRECT TEXT INPUT FOR GLOBAL CASE CONTROL DATA                                        
                  2      TITLE = MSC.NASTRAN JOB CREATED ON 31-MAR-22 AT 09:18:56                                
                  3      $ECHO = SORT                                                                            
                  4      ECHO = NONE                                                                             
                  5      SUBCASE 1                                                                               
                  6         SUBTITLE=DEFAULT                                                                     
                  7         SPC = 2                                                                              
                  8         LOAD = 2                                                                             
                  9         DISPLACEMENT(SORT1,PLOT,REAL)=ALL                                                    
                 10         SPCFORCES(SORT1,PLOT,REAL)=ALL                                                       
                 11      SUBCASE 2                                                                               
                 12         SUBTITLE=DEFAULT                                                                     
                 13         SPC = 2                                                                              
                 14         METHOD = 1                                                                           
                 15         VECTOR(SORT1,PLOT,REAL)=ALL                                                          
                 16         SPCFORCES(SORT1,PLOT,REAL)=ALL                                                       
                 17         STATSUB = 1                                                                          
                 18      $ DIRECT TEXT INPUT FOR THIS SUBCASE                                                    
                 19      BEGIN BULK                                                                              
1    MSC.NASTRAN JOB CREATED ON 31-MAR-22 AT 09:18:56                          JUNE  15, 2025  MSC Nastran 12/12/23   PAGE     4
                                                                                                                                    
0                                                                                                                                   
                                              I N P U T   B U L K   D A T A   E C H O                                               
                 ENTRY                                                                                                              
                 COUNT        .   1  ..   2  ..   3  ..   4  ..   5  ..   6  ..   7  ..   8  ..   9  ..  10  .                      
                              $INCLUDE "H:\nonlinear_buckling\icebox_run_example\data\imperfect_linear\tmp_sample_0003\INCLUDE_LOAD_APPLIED_LBA_PERF.dat"
                              $END OF INCLUDE "H:\nonlinear_buckling\icebox_run_example\data\imperfect_linear\tmp_sample_0003\INCLUDE_LOAD_APPLIED_LBA_PERF.dat"
                              $INCLUDE "H:\nonlinear_buckling\icebox_run_example\data\imperfect_linear\tmp_sample_0003\INCLUDE_COMPOSITE_MAT_PROP1.dat"
                              $END OF INCLUDE "H:\nonlinear_buckling\icebox_run_example\data\imperfect_linear\tmp_sample_0003\INCLUDE_COMPOSITE_MAT_PROP1.dat"
                              $INCLUDE "H:\nonlinear_buckling\icebox_run_example\data\imperfect_linear\tmp_sample_0003\INCLUDE_COMPOSITE_MAT_PROP2.dat"
                              $END OF INCLUDE "H:\nonlinear_buckling\icebox_run_example\data\imperfect_linear\tmp_sample_0003\INCLUDE_COMPOSITE_MAT_PROP2.dat"
1    MSC.NASTRAN JOB CREATED ON 31-MAR-22 AT 09:18:56                          JUNE  15, 2025  MSC Nastran 12/12/23   PAGE     5
                                                                                                                                    
0                                                                                                                                   
                                        M O D E L   S U M M A R Y          BULK = 0
                                   ENTRY NAME        NUMBER OF ENTRIES
                                   ----------        -----------------
                                       CQUAD4                    25480
                                        EIGRL                        1
                                        FORCE                        1
                                         GRID                    25762
                                         LOAD                        1
                                         MAT8                        1
                                        PARAM                        2
                                        PCOMP                        1
                                         RBE2                        1
                                         SPC1                        1
                                       SPCADD                        1

 ^^^     
 ^^^ >>> IFP OPERATIONS COMPLETE <<< 
 ^^^     
 *** USER INFORMATION MESSAGE 4109 (OUTPX2)
     THE LABEL IS XXXXXXXX FOR FORTRAN UNIT    12
     (MAXIMUM SIZE OF FORTRAN RECORDS WRITTEN =          7 WORDS.)
           (NUMBER OF FORTRAN RECORDS WRITTEN =         10 RECORDS.)
                (TOTAL DATA WRITTEN FOR LABEL =         21 WORDS.)
 *** USER INFORMATION MESSAGE 4114 (OUTPX2)
     DATA BLOCK GEOM1X   WRITTEN ON FORTRAN UNIT    12 IN BINARY (LTLEND) FORMAT USING NDDL DESCRIPTION FOR GEOM1S, TRL =
                    101                 0                 0                 8                 0                 0                 0
     NAME OF DATA BLOCK WRITTEN ON FORTRAN UNIT IS GEOM1   
        (MAXIMUM POSSIBLE FORTRAN RECORD SIZE =      131074 WORDS.)
     (MAXIMUM SIZE OF FORTRAN RECORDS WRITTEN =      131074 WORDS.)
           (NUMBER OF FORTRAN RECORDS WRITTEN =          22 RECORDS.)
           (TOTAL DATA WRITTEN FOR DATA BLOCK =      206138 WORDS.)
 *** USER INFORMATION MESSAGE 4114 (OUTPX2)
     DATA BLOCK GEOM2X   WRITTEN ON FORTRAN UNIT    12 IN BINARY (LTLEND) FORMAT USING NDDL DESCRIPTION FOR GEOM2S, TRL =
                    102                 0                 0                 0              8192                 0                 0
     NAME OF DATA BLOCK WRITTEN ON FORTRAN UNIT IS GEOM2   
        (MAXIMUM POSSIBLE FORTRAN RECORD SIZE =      131074 WORDS.)
     (MAXIMUM SIZE OF FORTRAN RECORDS WRITTEN =      131074 WORDS.)
           (NUMBER OF FORTRAN RECORDS WRITTEN =          24 RECORDS.)
           (TOTAL DATA WRITTEN FOR DATA BLOCK =      382243 WORDS.)
 *** USER INFORMATION MESSAGE 4114 (OUTPX2)
     DATA BLOCK GEOM3X   WRITTEN ON FORTRAN UNIT    12 IN BINARY (LTLEND) FORMAT USING NDDL DESCRIPTION FOR GEOM3S, TRL =
                    103                 0                 0                64                 8                 0                 0
     NAME OF DATA BLOCK WRITTEN ON FORTRAN UNIT IS GEOM3   
        (MAXIMUM POSSIBLE FORTRAN RECORD SIZE =      131074 WORDS.)
     (MAXIMUM SIZE OF FORTRAN RECORDS WRITTEN =          10 WORDS.)
           (NUMBER OF FORTRAN RECORDS WRITTEN =          25 RECORDS.)
           (TOTAL DATA WRITTEN FOR DATA BLOCK =          61 WORDS.)
1    MSC.NASTRAN JOB CREATED ON 31-MAR-22 AT 09:18:56                          JUNE  15, 2025  MSC Nastran 12/12/23   PAGE     6
                                                                                                                                    
0                                                                                                                                   
0                                                                                                                                   
                                                                                                                                    
                                                                                                                                    
 *** USER INFORMATION MESSAGE 4114 (OUTPX2)
     DATA BLOCK GEOM4X   WRITTEN ON FORTRAN UNIT    12 IN BINARY (LTLEND) FORMAT USING NDDL DESCRIPTION FOR GEOM4S, TRL =
                    104                 0                 0                 0                96              2048                 0
     NAME OF DATA BLOCK WRITTEN ON FORTRAN UNIT IS GEOM4   
        (MAXIMUM POSSIBLE FORTRAN RECORD SIZE =      131074 WORDS.)
     (MAXIMUM SIZE OF FORTRAN RECORDS WRITTEN =         290 WORDS.)
           (NUMBER OF FORTRAN RECORDS WRITTEN =          30 RECORDS.)
           (TOTAL DATA WRITTEN FOR DATA BLOCK =         350 WORDS.)
 *** USER INFORMATION MESSAGE 4114 (OUTPX2)
     DATA BLOCK EPTX     WRITTEN ON FORTRAN UNIT    12 IN BINARY (LTLEND) FORMAT USING NDDL DESCRIPTION FOR EPTS, TRL =
                    105                 0               544                 0                 0                 0                 0
     NAME OF DATA BLOCK WRITTEN ON FORTRAN UNIT IS EPT     
        (MAXIMUM POSSIBLE FORTRAN RECORD SIZE =      131074 WORDS.)
     (MAXIMUM SIZE OF FORTRAN RECORDS WRITTEN =          51 WORDS.)
           (NUMBER OF FORTRAN RECORDS WRITTEN =          25 RECORDS.)
           (TOTAL DATA WRITTEN FOR DATA BLOCK =         107 WORDS.)
 *** USER INFORMATION MESSAGE 4114 (OUTPX2)
     DATA BLOCK MPTS     WRITTEN ON FORTRAN UNIT    12 IN BINARY (LTLEND) FORMAT USING NDDL DESCRIPTION FOR MPTS, TRL =
                    101             16384               128                 0                 0                 0                 0
     NAME OF DATA BLOCK WRITTEN ON FORTRAN UNIT IS MPT     
        (MAXIMUM POSSIBLE FORTRAN RECORD SIZE =      131074 WORDS.)
     (MAXIMUM SIZE OF FORTRAN RECORDS WRITTEN =          72 WORDS.)
           (NUMBER OF FORTRAN RECORDS WRITTEN =          25 RECORDS.)
           (TOTAL DATA WRITTEN FOR DATA BLOCK =         136 WORDS.)
 *** USER INFORMATION MESSAGE 4114 (OUTPX2)
     DATA BLOCK DYNAMICS WRITTEN ON FORTRAN UNIT    12 IN BINARY (LTLEND) FORMAT USING NDDL DESCRIPTION FOR DYNAMICS, TRL =
                    103               256                 0                 0                 0                 0                 0
     NAME OF DATA BLOCK WRITTEN ON FORTRAN UNIT IS DYNAMICS
        (MAXIMUM POSSIBLE FORTRAN RECORD SIZE =      131074 WORDS.)
     (MAXIMUM SIZE OF FORTRAN RECORDS WRITTEN =          30 WORDS.)
           (NUMBER OF FORTRAN RECORDS WRITTEN =          20 RECORDS.)
           (TOTAL DATA WRITTEN FOR DATA BLOCK =          68 WORDS.)
 *** USER INFORMATION MESSAGE 4114 (OUTPX2)
     DATA BLOCK CASESO   WRITTEN ON FORTRAN UNIT    12 IN BINARY (LTLEND) FORMAT USING NDDL DESCRIPTION FOR CASES, TRL =
                    101                 2                 0              1000                 0                 0                 0
     NAME OF DATA BLOCK WRITTEN ON FORTRAN UNIT IS CASECC  
        (MAXIMUM POSSIBLE FORTRAN RECORD SIZE =      131074 WORDS.)
     (MAXIMUM SIZE OF FORTRAN RECORDS WRITTEN =        1000 WORDS.)
           (NUMBER OF FORTRAN RECORDS WRITTEN =          20 RECORDS.)
           (TOTAL DATA WRITTEN FOR DATA BLOCK =        2035 WORDS.)
1    MSC.NASTRAN JOB CREATED ON 31-MAR-22 AT 09:18:56                          JUNE  15, 2025  MSC Nastran 12/12/23   PAGE     7
                                                                                                                                    
0                                                                                                                                   
 *** USER INFORMATION MESSAGE 7310 (VECPRN)
     ORIGIN OF SUPERELEMENT OR MODULE BASIC COORDINATE SYSTEM WILL BE USED AS REFERENCE LOCATION.
     RESULTANTS ABOUT ORIGIN OF SUPERELEMENT OR MODULE BASIC COORDINATE SYSTEM IN SUPERELEMENT OR MODULE
     BASIC SYSTEM COORDINATES.
0                                                  OLOAD    RESULTANT       
  SUBCASE/    LOAD
  DAREA ID    TYPE       T1            T2            T3            R1            R2            R3
0        1     FX    0.000000E+00     ----          ----          ----       0.000000E+00  0.000000E+00                             
               FY       ----       0.000000E+00     ----       0.000000E+00     ----       0.000000E+00                             
               FZ       ----          ----      -2.750000E+05  0.000000E+00  0.000000E+00     ----                                  
               MX       ----          ----          ----       0.000000E+00     ----          ----                                  
               MY       ----          ----          ----          ----       0.000000E+00     ----                                  
               MZ       ----          ----          ----          ----          ----       0.000000E+00                             
             TOTALS  0.000000E+00  0.000000E+00 -2.750000E+05  0.000000E+00  0.000000E+00  0.000000E+00
1    MSC.NASTRAN JOB CREATED ON 31-MAR-22 AT 09:18:56                          JUNE  15, 2025  MSC Nastran 12/12/23   PAGE     8
                                                                                                                                    
0                                                                                                                                   
 *** USER INFORMATION MESSAGE 7310 (VECPRN)
     ORIGIN OF SUPERELEMENT OR MODULE BASIC COORDINATE SYSTEM WILL BE USED AS REFERENCE LOCATION.
     RESULTANTS ABOUT ORIGIN OF SUPERELEMENT OR MODULE BASIC COORDINATE SYSTEM IN SUPERELEMENT OR MODULE
     BASIC SYSTEM COORDINATES.
0                                                  OLOAD    RESULTANT       
  SUBCASE/    LOAD
  DAREA ID    TYPE       T1            T2            T3            R1            R2            R3
0        2     FX    0.000000E+00     ----          ----          ----       0.000000E+00  0.000000E+00                             
               FY       ----       0.000000E+00     ----       0.000000E+00     ----       0.000000E+00                             
               FZ       ----          ----       0.000000E+00  0.000000E+00  0.000000E+00     ----                                  
               MX       ----          ----          ----       0.000000E+00     ----          ----                                  
               MY       ----          ----          ----          ----       0.000000E+00     ----                                  
               MZ       ----          ----          ----          ----          ----       0.000000E+00                             
             TOTALS  0.000000E+00  0.000000E+00  0.000000E+00  0.000000E+00  0.000000E+00  0.000000E+00
  
 *** SYSTEM INFORMATION MESSAGE 4159 (DFMSA)
     THE DECOMPOSITION OF KLL      YIELDS A MAXIMUM MATRIX-TO-FACTOR-DIAGONAL RATIO OF    4.335766E+02
1    MSC.NASTRAN JOB CREATED ON 31-MAR-22 AT 09:18:56                          JUNE  15, 2025  MSC Nastran 12/12/23   PAGE     9
                                                                                                                                    
0                                                                                                            SUBCASE 1              
 *** USER INFORMATION MESSAGE 5293 (SSG3B)
    FOR DATA BLOCK KLL     
    LOAD SEQ. NO.             EPSILON              EXTERNAL WORK      EPSILONS LARGER THAN 0.001 ARE FLAGGED WITH ASTERISKS
                1         -4.0211296E-13          2.4059870E+05
1    MSC.NASTRAN JOB CREATED ON 31-MAR-22 AT 09:18:56                          JUNE  15, 2025  MSC Nastran 12/12/23   PAGE    10
                                                                                                                                    
0                                                                                                                                   
 *** USER INFORMATION MESSAGE 7310 (VECPRN)
     ORIGIN OF SUPERELEMENT OR MODULE BASIC COORDINATE SYSTEM WILL BE USED AS REFERENCE LOCATION.
     RESULTANTS ABOUT ORIGIN OF SUPERELEMENT OR MODULE BASIC COORDINATE SYSTEM IN SUPERELEMENT OR MODULE
     BASIC SYSTEM COORDINATES.
0                                                  SPCFORCE RESULTANT       
  SUBCASE/    LOAD
  DAREA ID    TYPE       T1            T2            T3            R1            R2            R3
0        1     FX    4.937384E-10     ----          ----          ----       0.000000E+00 -7.623074E+02                             
               FY       ----       5.528520E-09     ----       0.000000E+00     ----      -7.622304E+02                             
               FZ       ----          ----       2.750000E+05  7.884320E-04  2.401091E-03     ----                                  
               MX       ----          ----          ----      -7.912819E-04     ----          ----                                  
               MY       ----          ----          ----          ----      -2.404796E-03     ----                                  
               MZ       ----          ----          ----          ----          ----       1.524538E+03                             
             TOTALS  4.937384E-10  5.528520E-09  2.750000E+05 -2.849841E-06 -3.704279E-06  4.148978E-08
1    MSC.NASTRAN JOB CREATED ON 31-MAR-22 AT 09:18:56                          JUNE  15, 2025  MSC Nastran 12/12/23   PAGE    11
                                                                                                                                    
0                                                                                                                                   
0                                                  MAXIMUM  SPCFORCES       
  SUBCASE/
  DAREA ID        T1             T2             T3             R1             R2             R3
0        1   2.2954158E+01  2.2957255E+01  9.8264980E+02  1.1677972E+02  1.1677228E+02  5.4460771E+00
1    MSC.NASTRAN JOB CREATED ON 31-MAR-22 AT 09:18:56                          JUNE  15, 2025  MSC Nastran 12/12/23   PAGE    12
                                                                                                                                    
0                                                                                                                                   
0                                                  MAXIMUM  DISPLACEMENTS   
  SUBCASE/
  DAREA ID        T1             T2             T3             R1             R2             R3
0        1   3.7144644E-01  3.7144665E-01  1.7498088E+00  1.5672995E-02  1.5673046E-02  5.3495586E-04
1    MSC.NASTRAN JOB CREATED ON 31-MAR-22 AT 09:18:56                          JUNE  15, 2025  MSC Nastran 12/12/23   PAGE    13
                                                                                                                                    
0                                                                                                                                   
0                                                  MAXIMUM  APPLIED LOADS   
  SUBCASE/
  DAREA ID        T1             T2             T3             R1             R2             R3
0        1   0.0000000E+00  0.0000000E+00  2.7500000E+05  0.0000000E+00  0.0000000E+00  0.0000000E+00
 *** USER INFORMATION MESSAGE 4114 (OUTPX2)
     DATA BLOCK OQG1     WRITTEN ON FORTRAN UNIT    12 IN BINARY (LTLEND) FORMAT USING NDDL DESCRIPTION FOR OQG1, TRL =
                    101                 0            206096                 0                 0                 0                 2
     NAME OF DATA BLOCK WRITTEN ON FORTRAN UNIT IS OQG1    
        (MAXIMUM POSSIBLE FORTRAN RECORD SIZE =      131074 WORDS.)
     (MAXIMUM SIZE OF FORTRAN RECORDS WRITTEN =      131072 WORDS.)
           (NUMBER OF FORTRAN RECORDS WRITTEN =          22 RECORDS.)
           (TOTAL DATA WRITTEN FOR DATA BLOCK =      206283 WORDS.)
 *** USER INFORMATION MESSAGE 4114 (OUTPX2)
     DATA BLOCK OUG1     WRITTEN ON FORTRAN UNIT    12 IN BINARY (LTLEND) FORMAT USING NDDL DESCRIPTION FOR OUG1, TRL =
                    101                 0            206096                 0                 0                 0                 2
     NAME OF DATA BLOCK WRITTEN ON FORTRAN UNIT IS OUG1    
        (MAXIMUM POSSIBLE FORTRAN RECORD SIZE =      131074 WORDS.)
     (MAXIMUM SIZE OF FORTRAN RECORDS WRITTEN =      131072 WORDS.)
           (NUMBER OF FORTRAN RECORDS WRITTEN =          22 RECORDS.)
           (TOTAL DATA WRITTEN FOR DATA BLOCK =      206283 WORDS.)
 ^^^     
 *** USER INFORMATION MESSAGE 22713 (SUBDMAP SEKDR)
     PARAMETER EXCLUDE IS NOT DEFINED DIFFERENTIAL STIFFNESS IS COMPUTED FOR ALL ELEMENTS.
 ^^^     
 *** USER INFORMATION MESSAGE 5010 (LNCILS)
     STURM SEQUENCE DATA FOR EIGENVALUE EXTRACTION.
     TRIAL EIGENVALUE = 9.848211D-01, CYCLES = 1.579424D-01 THE STURM COUNT = 6
 *** USER INFORMATION MESSAGE 5010 (LNCILS)
     STURM SEQUENCE DATA FOR EIGENVALUE EXTRACTION.
     TRIAL EIGENVALUE = -1.000000D-02, CYCLES = 1.591549D-02 THE STURM COUNT = 0
 *** USER INFORMATION MESSAGE 5010 (LNCILS)
     STURM SEQUENCE DATA FOR EIGENVALUE EXTRACTION.
     TRIAL EIGENVALUE = 9.878763D-01, CYCLES = 1.581872D-01 THE STURM COUNT = 10

 TABLE OF SHIFTS:  (LNNRIGL)
 SHIFT #        SHIFT VALUE         FREQUENCY, CYCLES     # EIGENVALUES BELOW    # NEW EIGENVALUES FOUND
     1.        9.8482110E-01          1.5794243E-01                 6                       10
     2.       -1.0000000E-02         -1.5915494E-02                 0                        0
     3.        9.8787628E-01          1.5818723E-01                10                        0

1    MSC.NASTRAN JOB CREATED ON 31-MAR-22 AT 09:18:56                          JUNE  15, 2025  MSC Nastran 12/12/23   PAGE    14
                                                                                                                                    
0                                                                                                            SUBCASE 2              
0


                          E I G E N V A L U E  A N A L Y S I S   S U M M A R Y   (READ MODULE) 



                                     BLOCK SIZE USED ......................     7

                                     NUMBER OF DECOMPOSITIONS .............     3

                                     NUMBER OF ROOTS FOUND ................    10

                                     NUMBER OF SOLVES REQUIRED ............     9

1    MSC.NASTRAN JOB CREATED ON 31-MAR-22 AT 09:18:56                          JUNE  15, 2025  MSC Nastran 12/12/23   PAGE    15
                                                                                                                                    
0                                                                                                            SUBCASE 2              
 
                                              R E A L   E I G E N V A L U E S
   MODE    EXTRACTION      EIGENVALUE            RADIANS             CYCLES            GENERALIZED         GENERALIZED
    NO.       ORDER                                                                       MASS              STIFFNESS
        1         1        9.831940E-01        9.915614E-01        1.578119E-01        3.081985E+05        3.030189E+05
        2         2        9.831940E-01        9.915614E-01        1.578119E-01        3.082512E+05        3.030707E+05
        3         3        9.837871E-01        9.918604E-01        1.578595E-01        3.170428E+05        3.119026E+05
        4         4        9.837871E-01        9.918604E-01        1.578595E-01        3.245470E+05        3.192851E+05
        5         5        9.841458E-01        9.920412E-01        1.578883E-01        2.977343E+05        2.930140E+05
        6         6        9.841458E-01        9.920412E-01        1.578883E-01        2.980133E+05        2.932885E+05
        7         7        9.857262E-01        9.928374E-01        1.580150E-01        3.307271E+05        3.260064E+05
        8         8        9.857262E-01        9.928374E-01        1.580150E-01        3.307171E+05        3.259965E+05
        9         9        9.869032E-01        9.934300E-01        1.581093E-01        2.819664E+05        2.782735E+05
       10        10        9.869032E-01        9.934300E-01        1.581093E-01        2.819526E+05        2.782599E+05
 *** USER INFORMATION MESSAGE 4114 (OUTPX2)
     DATA BLOCK OQG1     WRITTEN ON FORTRAN UNIT    12 IN BINARY (LTLEND) FORMAT USING NDDL DESCRIPTION FOR OQG1, TRL =
                    101                 0           2060960                 0                 0                 0                 2
     NAME OF DATA BLOCK WRITTEN ON FORTRAN UNIT IS OQG1    
        (MAXIMUM POSSIBLE FORTRAN RECORD SIZE =      131074 WORDS.)
     (MAXIMUM SIZE OF FORTRAN RECORDS WRITTEN =      131072 WORDS.)
           (NUMBER OF FORTRAN RECORDS WRITTEN =         130 RECORDS.)
           (TOTAL DATA WRITTEN FOR DATA BLOCK =     2062542 WORDS.)
 *** USER INFORMATION MESSAGE 4114 (OUTPX2)
     DATA BLOCK OUG1     WRITTEN ON FORTRAN UNIT    12 IN BINARY (LTLEND) FORMAT USING NDDL DESCRIPTION FOR OUG1, TRL =
                    101                 0           2060960                 0                 0                 0                 2
     NAME OF DATA BLOCK WRITTEN ON FORTRAN UNIT IS OUG1    
        (MAXIMUM POSSIBLE FORTRAN RECORD SIZE =      131074 WORDS.)
     (MAXIMUM SIZE OF FORTRAN RECORDS WRITTEN =      131072 WORDS.)
           (NUMBER OF FORTRAN RECORDS WRITTEN =         130 RECORDS.)
           (TOTAL DATA WRITTEN FOR DATA BLOCK =     2062542 WORDS.)
 *** USER INFORMATION MESSAGE 4114 (OUTPX2)
     DATA BLOCK SCRATCH  WRITTEN ON FORTRAN UNIT    12 IN BINARY (LTLEND) FORMAT USING NDDL DESCRIPTION FOR QUALINFO, TRL =
                    301                 1                10                 0                 0                 0                 0
     NAME OF DATA BLOCK WRITTEN ON FORTRAN UNIT IS QUALINFO
        (MAXIMUM POSSIBLE FORTRAN RECORD SIZE =      131074 WORDS.)
     (MAXIMUM SIZE OF FORTRAN RECORDS WRITTEN =          65 WORDS.)
           (NUMBER OF FORTRAN RECORDS WRITTEN =          60 RECORDS.)
           (TOTAL DATA WRITTEN FOR DATA BLOCK =         438 WORDS.)
 *** USER INFORMATION MESSAGE 4110 (OUTPX2)
                                 END-OF-DATA SIMULATION ON FORTRAN UNIT    12
                                 (MAXIMUM SIZE OF FORTRAN RECORDS WRITTEN =      1 WORDS.)
                                       (NUMBER OF FORTRAN RECORDS WRITTEN =      1 RECORDS.)
                                       (TOTAL DATA WRITTEN FOR EOF MARKER =      1 WORDS.)
1    MSC.NASTRAN JOB CREATED ON 31-MAR-22 AT 09:18:56                          JUNE  15, 2025  MSC Nastran 12/12/23   PAGE    16
                                                                                                                                    
0                                                                                                            SUBCASE 2              
 * * * *  D B D I C T   P R I N T  * * * *      SUBDMAP = PRTSUM  ,  DMAP STATEMENT NO.     74



0                                   * * * *  A N A L Y S I S  S U M M A R Y  T A B L E  * * * *
0 SEID  PEID PROJ VERS APRCH      SEMG SEMR SEKR SELG SELR MODES DYNRED SOLLIN SOLNL LOOPID DESIGN CYCLE SENSITIVITY
 -------------------------------------------------------------------------------------------------------------------
     0     0    1    1 '        '    T    T    T    T    T     T      F      T     F     -1            0           F
0SEID = SUPERELEMENT ID.
 PEID = PRIMARY SUPERELEMENT ID OF IMAGE SUPERELEMENT.
 PROJ = PROJECT ID NUMBER.
 VERS = VERSION ID.
 APRCH = BLANK FOR STRUCTURAL ANALYSIS.  HEAT FOR HEAT TRANSFER ANALYSIS.
 SEMG = STIFFNESS AND MASS MATRIX GENERATION STEP.
 SEMR = MASS MATRIX REDUCTION STEP (INCLUDES EIGENVALUE SOLUTION FOR MODES).
 SEKR = STIFFNESS MATRIX REDUCTION STEP.
 SELG = LOAD MATRIX GENERATION STEP.
 SELR = LOAD MATRIX REDUCTION STEP. 
 MODES = T (TRUE) IF NORMAL MODES OR BUCKLING MODES CALCULATED.
 DYNRED = T (TRUE) MEANS GENERALIZED DYNAMIC AND/OR COMPONENT MODE REDUCTION PERFORMED.
 SOLLIN = T (TRUE) IF LINEAR SOLUTION EXISTS IN DATABASE.
 LOOPID = THE LAST LOOPID VALUE USED IN THE NONLINEAR ANALYSIS.  USEFUL FOR RESTARTS.
 SOLNL = T (TRUE) IF NONLINEAR SOLUTION EXISTS IN DATABASE.
 DESIGN CYCLE = THE LAST DESIGN CYCLE (ONLY VALID IN OPTIMIZATION).
 SENSITIVITY = SENSITIVITY MATRIX GENERATION FLAG.
 
 No PARAM values were set in the Control File.
 
1                                        * * * END OF JOB * * *
 
 
 No Symbolic Replacement variables or values were specified.

