1
 
 
 
 
                      Warning: This computer program is protected by copyright law and international treaties.       
                  Unauthorized use, reproduction or distribution of this computer program, or any portion of it, may 
                                          result in severe civil and criminal penalties.                             
                         Copyright (C) 2023 Hexagon AB and/or its subsidiaries. All rights reserved.                 
 
 
                                              * * * * * * * * * * * * * * * * * * * *
                                              * * * * * * * * * * * * * * * * * * * *
                                              * *                                 * *
                                              * *           Hexagon AB            * *
                                              * *                                 * *
                                              * *                                 * *
                                              * *      M S C   N a s t r a n      * *
                                              * *                                 * *
                                              * *                                 * *
                                              * *                                 * *
                                              * *     Version 2023.4-CL933330     * *
                                              * *                                 * *
                                              * *                                 * *
                                              * *                                 * *
                                              * *          DEC 12, 2023           * *
                                              * *                                 * *
                                              * *              Intel              * *
                                              * * MODEL Intel(R) Xeon(R) Platinum * *
                                              * * Windows 10 Enterprise 6.2 9200  * *
                                              * * Compiled for 8664 (SINGLE Mode) * *
                                              * *                                 * *
                                              * * * * * * * * * * * * * * * * * * * *
                                              * * * * * * * * * * * * * * * * * * * *
1News file
  
               Welcome to MSC Nastran 2023.4
  
   MSC Nastran brings powerful new features and enhancements for engineering
   solutions in several releases through the year. Key enhancements in
   Version 2023.4 are summarized below. Addtional details can be found in
   the MSC Nastran Version 2023.4 Release Guide.
  
  
     MSC Nastran 2023.4 Features and Enhancements
  
     High Performance Computing
     - ACMS performance improvements of 25% - 30% for large models on both Linux
       and Windows
     - MUMPS solver implemented in Lanczos for Buckling
        - 50% average performance improvement in READ module
     - MUMPS solver implemented in Lanczos for Normal Modes
        - 25% - 50% average performance improvement in READ module
     - Coupled Modes performance improvement
        - MUMPS in Lanzcos method resulting in an order of magnitude speedup
     - New QR factorization and least squares solution support for SOL 128
       Rotor Dynamics for improved convergence
  
     Vibroacoustics
     - Enhanced ACMODL BIW method to reduce weighting off distant fluid grids
       from structural interface.
     - 1D analytical trim with physical approach
     - Fluid subsystems support added for Virtual SEA workflows
     - Diffuse Sound Fields (DSF) loadings support for Space
       workflows
  
     RBE3 Enhancements
     - Automatic leg trimming of large RBE3 for enhanced performance
     - Automatic Correction of RBE3 REFC Rotational DOFs for correcting
       modeling error
  
     Ease of Use
     - Simplied user subroutine interface that doesn't require the Software
       Development Kit (SDK)
  
     Documentation
     - The complete documentation set is provided in a separate installer and
       when installed is available at: MSC_DOC_DIR/doc/pdf_nastran directory,
       where MSC_DOC_DIR is the directory where documentation was installed.
       This help set includes cross references between documents, and links to
       how-to videos, and example files
  
     Individual MSC Nastran documents are available for download from the
       Simcompanion Website at:
1      http://simcompanion.hexagon.com/
  
     These documentation set includes the following:
  
         1.  MSC Nastran 2023.4 Installation and Operations Guide
         2.  MSC Nastran 2023.4 Quick Reference Guide
         3.  MSC Nastran 2023.4 Release Guide
         4.  MSC Nastran 2023.4 Linear Statics Analysis User's Guide
         5.  MSC Nastran 2023.4 Dynamic Analysis User's Guide
         6.  MSC Nastran 2023.4 Superelements User's Guide
         7.  MSC Nastran 2023.4 Rotordynamics User's Guide
         8.  MSC Nastran 2023.4 Demonstration Problems Manual
         9.  MSC Nastran 2023.4 Nastran Embedded Fatigue User's Guide
        10.  MSC Nastran 2023.4 Design Sensitivity and Optimization
        11.  MSC Nastran 2023.4 Nonlinear User's Guide SOL 400
        12.  MSC Nastran 2023.4 DMAP Programmer's Guide
        13.  MSC Nastran 2023.4 High Performance Computing User's Guide
        14.  MSC Nastran 2023.4 New Verification Manual
        15.  MSC Nastran 2023.4 DEMATD Guide
        16.  MSC Nastran 2023.4 Explicit Nonlinear (SOL 700) User's Guide
        17.  MSC Nastran 2023.4 ACMS User's Guide
  
   Please refer to  MSC_DOC_DIR/doc/pdf_nastran/nastran_library.pdf
   for the complete document set:
  
  
   Additional information about the release can be found at the MSC Nastran
   Product Support page: http://simcompanion.hexagon.com
  
   The support page provides links to these valuable information:
      * A searchable Knowledge Base containing examples and answers to thousands
        of frequently asked questions written by MSC Software subject-matter
        experts.
      * Peer-to-peer Discussion Forums enabling you to post questions for your
        MSC Software products and receive answers from other users worldwide.
      * A list of known issues with the product and any workarounds.
      * Instructions on how to contact technical support
      * A mechanism for sending us product feedback or enhancement requests.
      * Hardware and software requirements.
      * Examples and Tutorials
      * and much more.
  
   For information on training, please visit our Training web site
  
      https://www.mscsoftware.com/msc-training
  
 *** USER WARNING MESSAGE 333 (GETLIN)
     THE BEGIN BULK STATEMENT IS MISSING. A BEGIN BULK STATEMENT WILL BE INSERTED BY THE PROGRAM
1                                                                              JUNE  18, 2025  MSC Nastran 12/12/23   PAGE     1
                                                                                                                                    
0        N A S T R A N    F I L E    A N D    S Y S T E M    P A R A M E T E R    E C H O                                           
0                                                                                                                                   
                                                                                                                                    
                                                                                                                                    
     $ SYSFIELD=SCR*(RAW=YES,BUFFIO=YES,WNUM=16,WSIZE=16MB) $(C:/PROGRAM FILES/MSC.SO
     $ SYSFIELD=DBALL(RAW=YES,BUFFIO=YES,WNUM=16,WSIZE=16MB) $(C:/PROGRAM FILES/MSC.S
     NASTRAN BUFFSIZE=65537 $(C:/PROGRAM FILES/MSC.SOFTWARE/MSC_NASTRAN/2023.4/CONF/N
     $                                                                               
     $INCLUDE H:\nonlinear_buckling\...\tmp_SOL400\include_impf_nlba_main.dat        
     $ ASSIGN PRE-RUN SOLUTION FILE                                                  
     ASSIGN INPUTT2='BDF_PERFECT_LBA_SOL_105.op2' UNIT=31                            
     $                                                                               
     $ EXCUTIVE CONTROL SECTION : SPECIFY SOLUTION TYPE                              
1                                                                              JUNE  18, 2025  MSC Nastran 12/12/23   PAGE     2
                                                                                                                                    
0        N A S T R A N    E X E C U T I V E    C O N T R O L    E C H O                                                             
0                                                                                                                                   
                                                                                                                                    
                                                                                                                                    
     SOL 400                                                                                 
     CEND                                                                                    
1    MSC.NASTRAN JOB CREATED ON 18-JUN-2025 14:44:30                           JUNE  18, 2025  MSC Nastran 12/12/23   PAGE     3
                                                                                                                                    
0                                                                                                                                   
0                                        C A S E    C O N T R O L    E C H O                                                        
                 COMMAND                                                                                                            
                 COUNT                                                                                                              
                  1      $                                                                                       
                  2      ECHO = NONE                                                                             
                  3      $ ASSIGN IMPERFECTION ID AND IMPERFECTION OUTPUT REQUEST                                
                  4      IMPERFECT =17                                                                           
                  5      $                                                                                       
                  6      OIMPERFECT(GEOM,PUNCH,PLOT)=ALL                                                         
                  7      $                                                                                       
                  8      $ DEFINE SET ID- USED FOR OUTPUT REQUEST OF GRID,ELEMENTS,ETC                           
                  9      SET 4 = 1,THRU,25761                                                                    
                 10      $                                                                                       
                 11      $ CASE CONTROL COMMAND SECTION                                                          
                 12      $ DIRECT TEXT INPUT FOR THIS SUBCASE                                                    
                 13      TITLE = MSC.NASTRAN JOB CREATED ON 18-JUN-2025 14:44:30                                 
                 14      $                                                                                       
                 15      $                                                                                       
                 16      SUBCASE 1                                                                               
                 17      $ DIRECT TEXT INPUT FOR THIS SUBCASE                                                    
                 18       STEP 1                                                                                 
                 19      $                                                                                       
                 20         LABEL = NON LINEAR BUCKLING                                                          
                 21         NLSTEP = 11                                                                          
                 22         METHOD=25                                                                            
                 23         NLBUCK =  ALL                                                                        
                 24         SPC = 2                                                                              
                 25         LOAD = 2                                                                             
                 26      $                                                                                       
                 27      $ SETI ID : USED FOR SPECIFYING SET OF GRID FOR IMPERFECTION BY IMPGEOM                 
                 28      $ SET3 SID ID1 THRU ID2                                                                 
                 29      BEGIN BULK $ GENERATED BY GETLIN                                                        

*** USER WARNING MESSAGE (fn: GETLIN)
    The BEGIN BULK statement is missing.
1    MSC.NASTRAN JOB CREATED ON 18-JUN-2025 14:44:30                           JUNE  18, 2025  MSC Nastran 12/12/23   PAGE     4
                                                                                                                                    
0                                                                                                                                   
                                              I N P U T   B U L K   D A T A   E C H O                                               
                 ENTRY                                                                                                              
                 COUNT        .   1  ..   2  ..   3  ..   4  ..   5  ..   6  ..   7  ..   8  ..   9  ..  10  .                      
 *** USER INFORMATION MESSAGE 9991 (SDLWIF)
     Messages are being generated at include level 1.
     File: H:\nonlinear_buckling\icebox_run_example\data\imperfect_nonlinear\tmp_sample_000001\tmp_SOL400\INCLUDE_IMPF_NLBA_MAIN.dat
 *** USER WARNING MESSAGE 9994 (BULKIN)
     Unexpected BEGIN BULK found near line 37 is skipped.
                              $END OF INCLUDE ""
                              $INCLUDE "H:\nonlinear_buckling\icebox_run_example\data\imperfect_nonlinear\tmp_sample_000001\tmp_SOL400\INCLUDE_LOAD_APPLIED_NLBA_IMPF.dat"
                              $END OF INCLUDE "H:\nonlinear_buckling\icebox_run_example\data\imperfect_nonlinear\tmp_sample_000001\tmp_SOL400\INCLUDE_LOAD_APPLIED_NLBA_IMPF.dat"
                              $INCLUDE "H:\nonlinear_buckling\icebox_run_example\data\imperfect_nonlinear\tmp_sample_000001\tmp_SOL400\INCLUDE_COMPOSITE_MAT_PROP1.dat"
                              $END OF INCLUDE "H:\nonlinear_buckling\icebox_run_example\data\imperfect_nonlinear\tmp_sample_000001\tmp_SOL400\INCLUDE_COMPOSITE_MAT_PROP1.dat"
                              $INCLUDE "H:\nonlinear_buckling\icebox_run_example\data\imperfect_nonlinear\tmp_sample_000001\tmp_SOL400\INCLUDE_COMPOSITE_MAT_PROP2.dat"
                              $END OF INCLUDE "H:\nonlinear_buckling\icebox_run_example\data\imperfect_nonlinear\tmp_sample_000001\tmp_SOL400\INCLUDE_COMPOSITE_MAT_PROP2.dat"
1    MSC.NASTRAN JOB CREATED ON 18-JUN-2025 14:44:30                           JUNE  18, 2025  MSC Nastran 12/12/23   PAGE     5
                                                                                                                                    
0                                                                                                                                   
                                        M O D E L   S U M M A R Y          BULK = 0
                                   ENTRY NAME        NUMBER OF ENTRIES
                                   ----------        -----------------
                                       CQUAD4                    25480
                                        EIGRL                        1
                                        FORCE                        1
                                         GRID                    25762
                                      IMPCASE                        1
                                      IMPGEOM                        1
                                         LOAD                        1
                                         MAT8                        1
                                       NLSTEP                        1
                                        PARAM                        3
                                        PCOMP                        1
                                         RBE2                        1
                                         SET3                        1
                                         SPC1                        1
                                       SPCADD                        1

 ^^^     
 ^^^ >>> IFP OPERATIONS COMPLETE <<< 
 ^^^     
 *** USER INFORMATION MESSAGE 4105 (INPTX2)
     DATA BLOCK QUALINFO RETRIEVED FROM FORTRAN UNIT    31 (GENERATED IN BINARY (LTLEND) FORMAT) USING NDDL DESCRIPTION FOR QUALINFO
     NAME OF DATA BLOCK WHEN PLACED ON FORTRAN UNIT WAS QUALINFO.
 *** USER INFORMATION MESSAGE 4105 (INPTX2)
     DATA BLOCK OUG1     RETRIEVED FROM FORTRAN UNIT    31 (GENERATED IN BINARY (LTLEND) FORMAT) USING NDDL DESCRIPTION FOR OUG1
     NAME OF DATA BLOCK WHEN PLACED ON FORTRAN UNIT WAS OUG1    .
 *** USER INFORMATION MESSAGE 4105 (INPTX2)
     DATA BLOCK SCRATCH  RETRIEVED FROM FORTRAN UNIT    31 (GENERATED IN BINARY (LTLEND) FORMAT) USING NDDL DESCRIPTION FOR OUG1
     NAME OF DATA BLOCK WHEN PLACED ON FORTRAN UNIT WAS OUG1    .
 *** USER INFORMATION MESSAGE 3 (NONL_STS)
 *** USER INFORMATION MESSAGE : A new STS file has been created (The name of STS file is ./bdf_imperfect_non_linear_sol_400.sts)
 *** USER INFORMATION MESSAGE 4109 (OUTPX2)
     THE LABEL IS XXXXXXXX FOR FORTRAN UNIT    12
     (MAXIMUM SIZE OF FORTRAN RECORDS WRITTEN =          7 WORDS.)
           (NUMBER OF FORTRAN RECORDS WRITTEN =         10 RECORDS.)
                (TOTAL DATA WRITTEN FOR LABEL =         21 WORDS.)
 *** USER INFORMATION MESSAGE 4114 (OUTPX2)
     DATA BLOCK GEOM1X   WRITTEN ON FORTRAN UNIT    12 IN BINARY (LTLEND) FORMAT USING NDDL DESCRIPTION FOR GEOM1S, TRL =
                    101                 0                 0                 8                 0         130023424                 0
     NAME OF DATA BLOCK WRITTEN ON FORTRAN UNIT IS GEOM1   
        (MAXIMUM POSSIBLE FORTRAN RECORD SIZE =      131074 WORDS.)
     (MAXIMUM SIZE OF FORTRAN RECORDS WRITTEN =      131074 WORDS.)
           (NUMBER OF FORTRAN RECORDS WRITTEN =          49 RECORDS.)
           (TOTAL DATA WRITTEN FOR DATA BLOCK =      515349 WORDS.)
 *** USER INFORMATION MESSAGE 4114 (OUTPX2)
     DATA BLOCK GEOM2X   WRITTEN ON FORTRAN UNIT    12 IN BINARY (LTLEND) FORMAT USING NDDL DESCRIPTION FOR GEOM2S, TRL =
                    102                 0                 0                 0              8192            524288                 0
     NAME OF DATA BLOCK WRITTEN ON FORTRAN UNIT IS GEOM2   
        (MAXIMUM POSSIBLE FORTRAN RECORD SIZE =      131074 WORDS.)
     (MAXIMUM SIZE OF FORTRAN RECORDS WRITTEN =      131074 WORDS.)
           (NUMBER OF FORTRAN RECORDS WRITTEN =          29 RECORDS.)
           (TOTAL DATA WRITTEN FOR DATA BLOCK =      383389 WORDS.)
 *** USER INFORMATION MESSAGE 4114 (OUTPX2)
     DATA BLOCK GEOM3X   WRITTEN ON FORTRAN UNIT    12 IN BINARY (LTLEND) FORMAT USING NDDL DESCRIPTION FOR GEOM3S, TRL =
                    103                 0                 0                64                 8                 0                 0
     NAME OF DATA BLOCK WRITTEN ON FORTRAN UNIT IS GEOM3   
        (MAXIMUM POSSIBLE FORTRAN RECORD SIZE =      131074 WORDS.)
     (MAXIMUM SIZE OF FORTRAN RECORDS WRITTEN =          10 WORDS.)
           (NUMBER OF FORTRAN RECORDS WRITTEN =          25 RECORDS.)
           (TOTAL DATA WRITTEN FOR DATA BLOCK =          61 WORDS.)
 *** USER INFORMATION MESSAGE 4114 (OUTPX2)
     DATA BLOCK GEOM4X   WRITTEN ON FORTRAN UNIT    12 IN BINARY (LTLEND) FORMAT USING NDDL DESCRIPTION FOR GEOM4S, TRL =
                    104                 0                 0                 0                96              2048                 0
     NAME OF DATA BLOCK WRITTEN ON FORTRAN UNIT IS GEOM4   
        (MAXIMUM POSSIBLE FORTRAN RECORD SIZE =      131074 WORDS.)
     (MAXIMUM SIZE OF FORTRAN RECORDS WRITTEN =         290 WORDS.)
           (NUMBER OF FORTRAN RECORDS WRITTEN =          30 RECORDS.)
           (TOTAL DATA WRITTEN FOR DATA BLOCK =         350 WORDS.)
 *** USER INFORMATION MESSAGE 4114 (OUTPX2)
     DATA BLOCK EPTX     WRITTEN ON FORTRAN UNIT    12 IN BINARY (LTLEND) FORMAT USING NDDL DESCRIPTION FOR EPTS, TRL =
                    105                 0               544                 0                 0                 0                 0
     NAME OF DATA BLOCK WRITTEN ON FORTRAN UNIT IS EPT     
        (MAXIMUM POSSIBLE FORTRAN RECORD SIZE =      131074 WORDS.)
     (MAXIMUM SIZE OF FORTRAN RECORDS WRITTEN =          51 WORDS.)
           (NUMBER OF FORTRAN RECORDS WRITTEN =          25 RECORDS.)
           (TOTAL DATA WRITTEN FOR DATA BLOCK =         107 WORDS.)
1    MSC.NASTRAN JOB CREATED ON 18-JUN-2025 14:44:30                           JUNE  18, 2025  MSC Nastran 12/12/23   PAGE     6
                                                                                                                                    
0                                                                                                                                   
0                                                                                                                                   
                                                                                                                                    
                                                                                                                                    
 *** USER INFORMATION MESSAGE 4114 (OUTPX2)
     DATA BLOCK MPTS     WRITTEN ON FORTRAN UNIT    12 IN BINARY (LTLEND) FORMAT USING NDDL DESCRIPTION FOR MPTS, TRL =
                    101             16384               128             65536                 0                 0                 0
     NAME OF DATA BLOCK WRITTEN ON FORTRAN UNIT IS MPT     
        (MAXIMUM POSSIBLE FORTRAN RECORD SIZE =      131074 WORDS.)
     (MAXIMUM SIZE OF FORTRAN RECORDS WRITTEN =         113 WORDS.)
           (NUMBER OF FORTRAN RECORDS WRITTEN =          30 RECORDS.)
           (TOTAL DATA WRITTEN FOR DATA BLOCK =         253 WORDS.)
 *** USER INFORMATION MESSAGE 4114 (OUTPX2)
     DATA BLOCK DYNAMICS WRITTEN ON FORTRAN UNIT    12 IN BINARY (LTLEND) FORMAT USING NDDL DESCRIPTION FOR DYNAMICS, TRL =
                    103              2304                 0                 0                 0               512                 0
     NAME OF DATA BLOCK WRITTEN ON FORTRAN UNIT IS DYNAMICS
        (MAXIMUM POSSIBLE FORTRAN RECORD SIZE =      131074 WORDS.)
     (MAXIMUM SIZE OF FORTRAN RECORDS WRITTEN =          30 WORDS.)
           (NUMBER OF FORTRAN RECORDS WRITTEN =          30 RECORDS.)
           (TOTAL DATA WRITTEN FOR DATA BLOCK =          97 WORDS.)
 *** USER INFORMATION MESSAGE 4114 (OUTPX2)
     DATA BLOCK EDTS     WRITTEN ON FORTRAN UNIT    12 IN BINARY (LTLEND) FORMAT USING NDDL DESCRIPTION FOR EDTS, TRL =
                    105                 0                 0                 0                 0                 1                 0
     NAME OF DATA BLOCK WRITTEN ON FORTRAN UNIT IS EDT     
        (MAXIMUM POSSIBLE FORTRAN RECORD SIZE =      131074 WORDS.)
     (MAXIMUM SIZE OF FORTRAN RECORDS WRITTEN =       25767 WORDS.)
           (NUMBER OF FORTRAN RECORDS WRITTEN =          20 RECORDS.)
           (TOTAL DATA WRITTEN FOR DATA BLOCK =       25805 WORDS.)
 *** USER INFORMATION MESSAGE 4114 (OUTPX2)
     DATA BLOCK CASESO   WRITTEN ON FORTRAN UNIT    12 IN BINARY (LTLEND) FORMAT USING NDDL DESCRIPTION FOR CASES, TRL =
                    101                 1                 0              1004                 0                 0                 0
     NAME OF DATA BLOCK WRITTEN ON FORTRAN UNIT IS CASECC  
        (MAXIMUM POSSIBLE FORTRAN RECORD SIZE =      131074 WORDS.)
     (MAXIMUM SIZE OF FORTRAN RECORDS WRITTEN =        1004 WORDS.)
           (NUMBER OF FORTRAN RECORDS WRITTEN =          15 RECORDS.)
           (TOTAL DATA WRITTEN FOR DATA BLOCK =        1035 WORDS.)
 *** USER INFORMATION MESSAGE 4114 (OUTPX2)
     DATA BLOCK DIT      WRITTEN ON FORTRAN UNIT    12 IN BINARY (LTLEND) FORMAT USING NDDL DESCRIPTION FOR DIT, TRL =
                    101                32                 0                 0                 0                 0                 0
     NAME OF DATA BLOCK WRITTEN ON FORTRAN UNIT IS DIT     
        (MAXIMUM POSSIBLE FORTRAN RECORD SIZE =      131074 WORDS.)
     (MAXIMUM SIZE OF FORTRAN RECORDS WRITTEN =          17 WORDS.)
           (NUMBER OF FORTRAN RECORDS WRITTEN =          20 RECORDS.)
           (TOTAL DATA WRITTEN FOR DATA BLOCK =          55 WORDS.)
 *** USER INFORMATION MESSAGE 9035 (SUBDMAP PHASE0)
     TO ENABLE RESIDUAL VECTOR COMPUTATION, EIGRL F1 VALUE 1.000000E-04 HAS BEEN RESET TO 0.0
     AND PARAM,LFREQ HAS BEEN SET TO 1.000000E-04
1    MSC.NASTRAN JOB CREATED ON 18-JUN-2025 14:44:30                           JUNE  18, 2025  MSC Nastran 12/12/23   PAGE     7
                                                                                                                                    
0                                                                                                                                   
 *** USER INFORMATION MESSAGE 7310 (VECPRN)
     ORIGIN OF SUPERELEMENT OR MODULE BASIC COORDINATE SYSTEM WILL BE USED AS REFERENCE LOCATION.
     RESULTANTS ABOUT ORIGIN OF SUPERELEMENT OR MODULE BASIC COORDINATE SYSTEM IN SUPERELEMENT OR MODULE
     BASIC SYSTEM COORDINATES.
0                                                  OLOAD    RESULTANT       
  SUBCASE/    LOAD
  DAREA ID    TYPE       T1            T2            T3            R1            R2            R3
0        2     FX    0.000000E+00     ----          ----          ----       0.000000E+00  0.000000E+00                             
               FY       ----       0.000000E+00     ----       0.000000E+00     ----       0.000000E+00                             
               FZ       ----          ----      -2.469319E+05  0.000000E+00  0.000000E+00     ----                                  
               MX       ----          ----          ----       0.000000E+00     ----          ----                                  
               MY       ----          ----          ----          ----       0.000000E+00     ----                                  
               MZ       ----          ----          ----          ----          ----       0.000000E+00                             
             TOTALS  0.000000E+00  0.000000E+00 -2.469319E+05  0.000000E+00  0.000000E+00  0.000000E+00
 
1    MSC.NASTRAN JOB CREATED ON 18-JUN-2025 14:44:30                           JUNE  18, 2025  MSC Nastran 12/12/23   PAGE     8
                                                                                                                                    
0     NON LINEAR BUCKLING                                                IMPERFECT   1           SUBCASE 1           STEP 1         
                       N O N - L I N E A R   I T E R A T I O N   S O L U T I O N   C O N T R O L   P A R A M E T E R S

     LOOP CONTROLS FOR :   SUBCASE        1,         STEP        1,         SUBSTEP        0


     SOLUTION CONTROL PARAMETERS FROM : NLSTEP                     ID :         11

          Total Time of Loading Case (TOTTIME) ....     1.00E+00

          Maximum Number of Iterations (MAXITER) ..           10
          Minimum Number of Iterations (MINITER) ..            1
          Maximum Number of Bisection (MAXBIS) ....           10
          Creep Option (CREEP) ....................            0

          Number of Fixed Increments (NINC) .......          100
          Interval of Output (NO) .................            1

          Convergence Criteria (CONV) .............      P  V   
                     - Displacement   (EPSU) ......    -1.00E-01
          Tolerance  - Residual Force (EPSP) ......     1.00E-01
                     - Work           (EPSW) ......     1.00E-01
          Option of Rotations and Moments (MRCONV).            3
          Matrix Update Option (KMETHOD) ..........         PFNT
          Matrix Update Increment (KSTEP) .........            1
          Maximum Quasi-Newton Vectors (MAXQN) ....            0
          Maximum Line Searches (MAXLS) ...........            0
          Line Search Tolerance (LSTOL) ...........     5.00E-01
          Error Tolerance in YF (FSTRESS) .........     2.00E-01

 *** USER INFORMATION MESSAGE 6204 (NL3EMA)
     9.218750E-01 SECONDS REQUIRED TO DECOMPOSE MATRIX.
1    MSC.NASTRAN JOB CREATED ON 18-JUN-2025 14:44:30                           JUNE  18, 2025  MSC Nastran 12/12/23   PAGE     9
                                                                                                                                    
0     NON LINEAR BUCKLING                                                IMPERFECT   1           SUBCASE 1           STEP 1         
0                             N O N - L I N E A R   I T E R A T I O N   M O D U L E   O U T P U T

     STIFFNESS UPDATE TIME          0.27 SECONDS                                        SUBCASE        1          STEP        1
            ITERATION TIME          0.06 SECONDS

        LOAD  NO.       - - ERROR FACTORS - -    CONV  ITR MAT NO.    AVG     TOTL       - - - - - DISP - - - - - -  LINE_S  NO. TOT TOT
        STEP  INC ITR  DISP     LOAD      WORK   RATE  DIV DIV BIS  R_FORCE   WORK      AVG        MAX     AT GRID C FACT NO QNV KUD ITR

%1.00000E-02   1  1 1.00E+00 2.59E-04 1.00E+00  1.000  0   1   0  4.09E-05 2.218E+01 2.27E-03 -1.797E-02    25738 3  1.00 0  0   0    1
 *** USER INFORMATION MESSAGE 4550 (nl3con)
     *** THE STIFFNESS MATRIX IS UPDATING TO THE INITIAL STATE FOR NEW LMFACT=7.382914E+01, PENFN=7.382914E+01 ***
%1.00000E-02   1  1 1.00E+00 2.59E-04 1.00E+00  0.000  0   1   0  4.09E-05 2.218E+01 5.80E-02 -1.797E-02    25738 3  1.00 0  0   1    2

1    MSC.NASTRAN JOB CREATED ON 18-JUN-2025 14:44:30                           JUNE  18, 2025  MSC Nastran 12/12/23   PAGE    10
                                                                                                                                    
0     NON LINEAR BUCKLING                                                IMPERFECT   1           SUBCASE 1           STEP 1         
0 RESULTANTS ABOUT ORIGIN OF SUPERELEMENT BASIC COORDINATE SYSTEM IN SUPERELEMENT BASIC SYSTEM COORDINATES.

0                                                  OLOAD    RESULTANT       
  SUBCASE/    LOAD
  DAREA ID    TYPE       T1            T2            T3            R1            R2            R3
0        2     FX    0.000000E+00     ----          ----          ----       0.000000E+00  0.000000E+00                             
               FY       ----       0.000000E+00     ----       0.000000E+00     ----       0.000000E+00                             
               FZ       ----          ----      -2.469319E+03  0.000000E+00  0.000000E+00     ----                                  
               MX       ----          ----          ----       0.000000E+00     ----          ----                                  
               MY       ----          ----          ----          ----       0.000000E+00     ----                                  
               MZ       ----          ----          ----          ----          ----       0.000000E+00                             
             TOTALS  0.000000E+00  0.000000E+00 -2.469319E+03  0.000000E+00  0.000000E+00  0.000000E+00
%2.00000E-02   2  1 1.00E+00 1.32E-04 1.00E+00  0.000  0   1   0  4.28E-05 8.875E+01 1.16E-01 -3.594E-02    25738 3  1.00 0  0   2    3

1    MSC.NASTRAN JOB CREATED ON 18-JUN-2025 14:44:30                           JUNE  18, 2025  MSC Nastran 12/12/23   PAGE    11
                                                                                                                                    
0     NON LINEAR BUCKLING                                                IMPERFECT   1           SUBCASE 1           STEP 1         
0 RESULTANTS ABOUT ORIGIN OF SUPERELEMENT BASIC COORDINATE SYSTEM IN SUPERELEMENT BASIC SYSTEM COORDINATES.

0                                                  OLOAD    RESULTANT       
  SUBCASE/    LOAD
  DAREA ID    TYPE       T1            T2            T3            R1            R2            R3
0        2     FX    0.000000E+00     ----          ----          ----       0.000000E+00  0.000000E+00                             
               FY       ----       0.000000E+00     ----       0.000000E+00     ----       0.000000E+00                             
               FZ       ----          ----      -4.938638E+03  0.000000E+00  0.000000E+00     ----                                  
               MX       ----          ----          ----       0.000000E+00     ----          ----                                  
               MY       ----          ----          ----          ----       0.000000E+00     ----                                  
               MZ       ----          ----          ----          ----          ----       0.000000E+00                             
             TOTALS  0.000000E+00  0.000000E+00 -4.938638E+03  0.000000E+00  0.000000E+00  0.000000E+00
 ^^^     
 *** USER INFORMATION MESSAGE 9084 (SUBDMAP BUCKLE2)
     NONLINEAR BUCKLING PROJECTION AT LOOPID = 2 LOAD FACTOR = 2.000000E-02
 ^^^     
 ^^^     
 *** USER INFORMATION MESSAGE 9051 (SUBDMAP BUCKLE2)
     SYMMETRIC (READ) BUCKLING ANALYSIS INITIATED.
 ^^^     
 *** USER INFORMATION MESSAGE 5010 (LNCILS)
     STURM SEQUENCE DATA FOR EIGENVALUE EXTRACTION.
     TRIAL EIGENVALUE = -1.000000D-06, CYCLES = 1.591549D-04 THE STURM COUNT = 0
 *** USER INFORMATION MESSAGE 5010 (LNCILS)
     STURM SEQUENCE DATA FOR EIGENVALUE EXTRACTION.
     TRIAL EIGENVALUE = 1.000000D+03, CYCLES = 5.032921D+00 THE STURM COUNT = 7481
 *** USER INFORMATION MESSAGE 5010 (LNCILS)
     STURM SEQUENCE DATA FOR EIGENVALUE EXTRACTION.
     TRIAL EIGENVALUE = 1.000000D+00, CYCLES = 1.591549D-01 THE STURM COUNT = 0
 *** USER INFORMATION MESSAGE 5010 (LNCILS)
     STURM SEQUENCE DATA FOR EIGENVALUE EXTRACTION.
     TRIAL EIGENVALUE = 1.002806D+02, CYCLES = 1.593781D+00 THE STURM COUNT = 16

 TABLE OF SHIFTS:  (LNNRIGL)
 SHIFT #        SHIFT VALUE         FREQUENCY, CYCLES     # EIGENVALUES BELOW    # NEW EIGENVALUES FOUND
     1.       -1.0000000E-06         -1.5915494E-04                 0                        0
     2.        1.0000000E+03          5.0329212E+00              7481                        0
     3.        1.0000000E+00          1.5915494E-01                 0                        0
     4.        1.0028065E+02          1.5937812E+00                16                       16

1    MSC.NASTRAN JOB CREATED ON 18-JUN-2025 14:44:30                           JUNE  18, 2025  MSC Nastran 12/12/23   PAGE    12
                                                                                                                                    
0     NON LINEAR BUCKLING                                                IMPERFECT   1           SUBCASE 1           STEP 1         
0    LOAD STEP =  2.00000E-02


                          E I G E N V A L U E  A N A L Y S I S   S U M M A R Y   (READ MODULE) 



                                     BLOCK SIZE USED ......................     2

                                     NUMBER OF DECOMPOSITIONS .............     4

                                     NUMBER OF ROOTS FOUND ................     1

                                     NUMBER OF SOLVES REQUIRED ............    54

1    MSC.NASTRAN JOB CREATED ON 18-JUN-2025 14:44:30                           JUNE  18, 2025  MSC Nastran 12/12/23   PAGE    13
                                                                                                                                    
0     NON LINEAR BUCKLING                                                IMPERFECT   1           SUBCASE 1           STEP 1         
 
     LOAD STEP =  2.00000E-02
                                              R E A L   E I G E N V A L U E S
   MODE    EXTRACTION      EIGENVALUE            RADIANS             CYCLES            GENERALIZED         GENERALIZED
    NO.       ORDER                                                                       MASS              STIFFNESS
        1         1        9.851172E+01        9.925307E+00        1.579662E+00        2.679440E+03        2.639563E+05
 *** USER INFORMATION MESSAGE 9040 (SUBDMAP BUCKLE2)
     CRITICAL BUCKLING FACTOR (ALPHA)= 9.792260E+01  LOAD STEP = 2.000000E-02  STEP 1  SUBCASE 1
 ^^^     
 *** USER INFORMATION MESSAGE 9052 (SUBDMAP BUCKLE2)
     SYMMETRIC (READ) BUCKLING ANALYSIS COMPLETED.
 ^^^     
 *** USER INFORMATION MESSAGE 4114 (OUTPX2)
     DATA BLOCK BLAMA    WRITTEN ON FORTRAN UNIT    12 IN BINARY (LTLEND) FORMAT USING NDDL DESCRIPTION FOR BLAMA, TRL =
                    101                 1                 0                 0                 0                 0                 0
     NAME OF DATA BLOCK WRITTEN ON FORTRAN UNIT IS BLAMA   
        (MAXIMUM POSSIBLE FORTRAN RECORD SIZE =      131074 WORDS.)
     (MAXIMUM SIZE OF FORTRAN RECORDS WRITTEN =         146 WORDS.)
           (NUMBER OF FORTRAN RECORDS WRITTEN =          20 RECORDS.)
           (TOTAL DATA WRITTEN FOR DATA BLOCK =         188 WORDS.)
%3.00000E-02   3  1 1.00E+00 8.88E-05 1.00E+00  0.000  0   1   0  4.45E-05 1.997E+02 1.74E-01 -5.392E-02    25738 3  1.00 0  0   3    4

1    MSC.NASTRAN JOB CREATED ON 18-JUN-2025 14:44:30                           JUNE  18, 2025  MSC Nastran 12/12/23   PAGE    14
                                                                                                                                    
0     NON LINEAR BUCKLING                                                IMPERFECT   1           SUBCASE 1           STEP 1         
0 RESULTANTS ABOUT ORIGIN OF SUPERELEMENT BASIC COORDINATE SYSTEM IN SUPERELEMENT BASIC SYSTEM COORDINATES.

0                                                  OLOAD    RESULTANT       
  SUBCASE/    LOAD
  DAREA ID    TYPE       T1            T2            T3            R1            R2            R3
0        2     FX    0.000000E+00     ----          ----          ----       0.000000E+00  0.000000E+00                             
               FY       ----       0.000000E+00     ----       0.000000E+00     ----       0.000000E+00                             
               FZ       ----          ----      -7.407956E+03  0.000000E+00  0.000000E+00     ----                                  
               MX       ----          ----          ----       0.000000E+00     ----          ----                                  
               MY       ----          ----          ----          ----       0.000000E+00     ----                                  
               MZ       ----          ----          ----          ----          ----       0.000000E+00                             
             TOTALS  0.000000E+00  0.000000E+00 -7.407956E+03  0.000000E+00  0.000000E+00  0.000000E+00
 ^^^     
 *** USER INFORMATION MESSAGE 9084 (SUBDMAP BUCKLE2)
     NONLINEAR BUCKLING PROJECTION AT LOOPID = 3 LOAD FACTOR = 3.000000E-02
 ^^^     
 ^^^     
 *** USER INFORMATION MESSAGE 9051 (SUBDMAP BUCKLE2)
     SYMMETRIC (READ) BUCKLING ANALYSIS INITIATED.
 ^^^     
 *** USER INFORMATION MESSAGE 5010 (LNCILS)
     STURM SEQUENCE DATA FOR EIGENVALUE EXTRACTION.
     TRIAL EIGENVALUE = -1.000000D-06, CYCLES = 1.591549D-04 THE STURM COUNT = 0
 *** USER INFORMATION MESSAGE 5010 (LNCILS)
     STURM SEQUENCE DATA FOR EIGENVALUE EXTRACTION.
     TRIAL EIGENVALUE = 1.000000D+03, CYCLES = 5.032921D+00 THE STURM COUNT = 7487
 *** USER INFORMATION MESSAGE 5010 (LNCILS)
     STURM SEQUENCE DATA FOR EIGENVALUE EXTRACTION.
     TRIAL EIGENVALUE = 1.000000D+00, CYCLES = 1.591549D-01 THE STURM COUNT = 0
 *** USER INFORMATION MESSAGE 5010 (LNCILS)
     STURM SEQUENCE DATA FOR EIGENVALUE EXTRACTION.
     TRIAL EIGENVALUE = 9.922308D+01, CYCLES = 1.585355D+00 THE STURM COUNT = 16

 TABLE OF SHIFTS:  (LNNRIGL)
 SHIFT #        SHIFT VALUE         FREQUENCY, CYCLES     # EIGENVALUES BELOW    # NEW EIGENVALUES FOUND
     1.       -1.0000000E-06         -1.5915494E-04                 0                        0
     2.        1.0000000E+03          5.0329212E+00              7487                        0
     3.        1.0000000E+00          1.5915494E-01                 0                        0
     4.        9.9223077E+01          1.5853548E+00                16                       16

1    MSC.NASTRAN JOB CREATED ON 18-JUN-2025 14:44:30                           JUNE  18, 2025  MSC Nastran 12/12/23   PAGE    15
                                                                                                                                    
0     NON LINEAR BUCKLING                                                IMPERFECT   1           SUBCASE 1           STEP 1         
0    LOAD STEP =  3.00000E-02


                          E I G E N V A L U E  A N A L Y S I S   S U M M A R Y   (READ MODULE) 



                                     BLOCK SIZE USED ......................     2

                                     NUMBER OF DECOMPOSITIONS .............     4

                                     NUMBER OF ROOTS FOUND ................     1

                                     NUMBER OF SOLVES REQUIRED ............    53

1    MSC.NASTRAN JOB CREATED ON 18-JUN-2025 14:44:30                           JUNE  18, 2025  MSC Nastran 12/12/23   PAGE    16
                                                                                                                                    
0     NON LINEAR BUCKLING                                                IMPERFECT   1           SUBCASE 1           STEP 1         
 
     LOAD STEP =  3.00000E-02
                                              R E A L   E I G E N V A L U E S
   MODE    EXTRACTION      EIGENVALUE            RADIANS             CYCLES            GENERALIZED         GENERALIZED
    NO.       ORDER                                                                       MASS              STIFFNESS
        1         1        9.750488E+01        9.874456E+00        1.571569E+00        2.676904E+03        2.610113E+05
 *** USER INFORMATION MESSAGE 9040 (SUBDMAP BUCKLE2)
     CRITICAL BUCKLING FACTOR (ALPHA)= 9.692198E+01  LOAD STEP = 3.000000E-02  STEP 1  SUBCASE 1
 ^^^     
 *** USER INFORMATION MESSAGE 9052 (SUBDMAP BUCKLE2)
     SYMMETRIC (READ) BUCKLING ANALYSIS COMPLETED.
 ^^^     
 *** USER INFORMATION MESSAGE 4114 (OUTPX2)
     DATA BLOCK BLAMA    WRITTEN ON FORTRAN UNIT    12 IN BINARY (LTLEND) FORMAT USING NDDL DESCRIPTION FOR BLAMA, TRL =
                    101                 1                 0                 0                 0                 0                 0
     NAME OF DATA BLOCK WRITTEN ON FORTRAN UNIT IS BLAMA   
        (MAXIMUM POSSIBLE FORTRAN RECORD SIZE =      131074 WORDS.)
     (MAXIMUM SIZE OF FORTRAN RECORDS WRITTEN =         146 WORDS.)
           (NUMBER OF FORTRAN RECORDS WRITTEN =          20 RECORDS.)
           (TOTAL DATA WRITTEN FOR DATA BLOCK =         188 WORDS.)
%4.00000E-02   4  1 1.00E+00 6.74E-05 1.00E+00  0.000  0   1   0  4.61E-05 3.551E+02 2.32E-01 -7.189E-02    25739 3  1.00 0  0   4    5

1    MSC.NASTRAN JOB CREATED ON 18-JUN-2025 14:44:30                           JUNE  18, 2025  MSC Nastran 12/12/23   PAGE    17
                                                                                                                                    
0     NON LINEAR BUCKLING                                                IMPERFECT   1           SUBCASE 1           STEP 1         
0 RESULTANTS ABOUT ORIGIN OF SUPERELEMENT BASIC COORDINATE SYSTEM IN SUPERELEMENT BASIC SYSTEM COORDINATES.

0                                                  OLOAD    RESULTANT       
  SUBCASE/    LOAD
  DAREA ID    TYPE       T1            T2            T3            R1            R2            R3
0        2     FX    0.000000E+00     ----          ----          ----       0.000000E+00  0.000000E+00                             
               FY       ----       0.000000E+00     ----       0.000000E+00     ----       0.000000E+00                             
               FZ       ----          ----      -9.877275E+03  0.000000E+00  0.000000E+00     ----                                  
               MX       ----          ----          ----       0.000000E+00     ----          ----                                  
               MY       ----          ----          ----          ----       0.000000E+00     ----                                  
               MZ       ----          ----          ----          ----          ----       0.000000E+00                             
             TOTALS  0.000000E+00  0.000000E+00 -9.877275E+03  0.000000E+00  0.000000E+00  0.000000E+00
 ^^^     
 *** USER INFORMATION MESSAGE 9084 (SUBDMAP BUCKLE2)
     NONLINEAR BUCKLING PROJECTION AT LOOPID = 4 LOAD FACTOR = 4.000000E-02
 ^^^     
 ^^^     
 *** USER INFORMATION MESSAGE 9051 (SUBDMAP BUCKLE2)
     SYMMETRIC (READ) BUCKLING ANALYSIS INITIATED.
 ^^^     
 *** USER INFORMATION MESSAGE 5010 (LNCILS)
     STURM SEQUENCE DATA FOR EIGENVALUE EXTRACTION.
     TRIAL EIGENVALUE = -1.000000D-06, CYCLES = 1.591549D-04 THE STURM COUNT = 0
 *** USER INFORMATION MESSAGE 5010 (LNCILS)
     STURM SEQUENCE DATA FOR EIGENVALUE EXTRACTION.
     TRIAL EIGENVALUE = 1.000000D+03, CYCLES = 5.032921D+00 THE STURM COUNT = 7495
 *** USER INFORMATION MESSAGE 5010 (LNCILS)
     STURM SEQUENCE DATA FOR EIGENVALUE EXTRACTION.
     TRIAL EIGENVALUE = 1.000000D+00, CYCLES = 1.591549D-01 THE STURM COUNT = 0
 *** USER INFORMATION MESSAGE 5010 (LNCILS)
     STURM SEQUENCE DATA FOR EIGENVALUE EXTRACTION.
     TRIAL EIGENVALUE = 9.816784D+01, CYCLES = 1.576902D+00 THE STURM COUNT = 16

 TABLE OF SHIFTS:  (LNNRIGL)
 SHIFT #        SHIFT VALUE         FREQUENCY, CYCLES     # EIGENVALUES BELOW    # NEW EIGENVALUES FOUND
     1.       -1.0000000E-06         -1.5915494E-04                 0                        0
     2.        1.0000000E+03          5.0329212E+00              7495                        0
     3.        1.0000000E+00          1.5915494E-01                 0                        0
     4.        9.8167839E+01          1.5769022E+00                16                       16

1    MSC.NASTRAN JOB CREATED ON 18-JUN-2025 14:44:30                           JUNE  18, 2025  MSC Nastran 12/12/23   PAGE    18
                                                                                                                                    
0     NON LINEAR BUCKLING                                                IMPERFECT   1           SUBCASE 1           STEP 1         
0    LOAD STEP =  4.00000E-02


                          E I G E N V A L U E  A N A L Y S I S   S U M M A R Y   (READ MODULE) 



                                     BLOCK SIZE USED ......................     2

                                     NUMBER OF DECOMPOSITIONS .............     4

                                     NUMBER OF ROOTS FOUND ................     1

                                     NUMBER OF SOLVES REQUIRED ............    52

1    MSC.NASTRAN JOB CREATED ON 18-JUN-2025 14:44:30                           JUNE  18, 2025  MSC Nastran 12/12/23   PAGE    19
                                                                                                                                    
0     NON LINEAR BUCKLING                                                IMPERFECT   1           SUBCASE 1           STEP 1         
 
     LOAD STEP =  4.00000E-02
                                              R E A L   E I G E N V A L U E S
   MODE    EXTRACTION      EIGENVALUE            RADIANS             CYCLES            GENERALIZED         GENERALIZED
    NO.       ORDER                                                                       MASS              STIFFNESS
        1         1        9.649811E+01        9.823345E+00        1.563434E+00        2.674707E+03        2.581042E+05
 *** USER INFORMATION MESSAGE 9040 (SUBDMAP BUCKLE2)
     CRITICAL BUCKLING FACTOR (ALPHA)= 9.592139E+01  LOAD STEP = 4.000000E-02  STEP 1  SUBCASE 1
 ^^^     
 *** USER INFORMATION MESSAGE 9052 (SUBDMAP BUCKLE2)
     SYMMETRIC (READ) BUCKLING ANALYSIS COMPLETED.
 ^^^     
 *** USER INFORMATION MESSAGE 4114 (OUTPX2)
     DATA BLOCK BLAMA    WRITTEN ON FORTRAN UNIT    12 IN BINARY (LTLEND) FORMAT USING NDDL DESCRIPTION FOR BLAMA, TRL =
                    101                 1                 0                 0                 0                 0                 0
     NAME OF DATA BLOCK WRITTEN ON FORTRAN UNIT IS BLAMA   
        (MAXIMUM POSSIBLE FORTRAN RECORD SIZE =      131074 WORDS.)
     (MAXIMUM SIZE OF FORTRAN RECORDS WRITTEN =         146 WORDS.)
           (NUMBER OF FORTRAN RECORDS WRITTEN =          20 RECORDS.)
           (TOTAL DATA WRITTEN FOR DATA BLOCK =         188 WORDS.)
%5.00000E-02   5  1 1.00E+00 5.45E-05 1.00E+00  0.000  0   1   0  4.78E-05 5.549E+02 2.90E-01 -8.987E-02    25738 3  1.00 0  0   5    6

1    MSC.NASTRAN JOB CREATED ON 18-JUN-2025 14:44:30                           JUNE  18, 2025  MSC Nastran 12/12/23   PAGE    20
                                                                                                                                    
0     NON LINEAR BUCKLING                                                IMPERFECT   1           SUBCASE 1           STEP 1         
0 RESULTANTS ABOUT ORIGIN OF SUPERELEMENT BASIC COORDINATE SYSTEM IN SUPERELEMENT BASIC SYSTEM COORDINATES.

0                                                  OLOAD    RESULTANT       
  SUBCASE/    LOAD
  DAREA ID    TYPE       T1            T2            T3            R1            R2            R3
0        2     FX    0.000000E+00     ----          ----          ----       0.000000E+00  0.000000E+00                             
               FY       ----       0.000000E+00     ----       0.000000E+00     ----       0.000000E+00                             
               FZ       ----          ----      -1.234659E+04  0.000000E+00  0.000000E+00     ----                                  
               MX       ----          ----          ----       0.000000E+00     ----          ----                                  
               MY       ----          ----          ----          ----       0.000000E+00     ----                                  
               MZ       ----          ----          ----          ----          ----       0.000000E+00                             
             TOTALS  0.000000E+00  0.000000E+00 -1.234659E+04  0.000000E+00  0.000000E+00  0.000000E+00
 ^^^     
 *** USER INFORMATION MESSAGE 9084 (SUBDMAP BUCKLE2)
     NONLINEAR BUCKLING PROJECTION AT LOOPID = 5 LOAD FACTOR = 5.000000E-02
 ^^^     
 ^^^     
 *** USER INFORMATION MESSAGE 9051 (SUBDMAP BUCKLE2)
     SYMMETRIC (READ) BUCKLING ANALYSIS INITIATED.
 ^^^     
 *** USER INFORMATION MESSAGE 5010 (LNCILS)
     STURM SEQUENCE DATA FOR EIGENVALUE EXTRACTION.
     TRIAL EIGENVALUE = -1.000000D-06, CYCLES = 1.591549D-04 THE STURM COUNT = 0
